[INFO ] 2020-05-16 17:00:28.584 [main] TestBase - Execution type is set to API in Maven POM Properties.For UI Execution set the property flag executiontypeweb to true
[INFO ] 2020-05-16 17:01:19.740 [main] TestBase - Execution type is set to API in Maven POM Properties.For UI Execution set the property flag executiontypeweb to true
[INFO ] 2020-05-16 17:01:53.074 [main] TestBase - Execution type is set to API in Maven POM Properties.For UI Execution set the property flag executiontypeweb to true
[INFO ] 2020-05-16 17:07:15.202 [main] ChromeService - ChromeDriver Service is started...
[DEBUG] 2020-05-16 17:07:15.447 [TestNG-test=Test-2] DriverFactoryManager - Default browser type is Chrome. For other options reset the value in config.json
[DEBUG] 2020-05-16 17:07:15.448 [TestNG-test=Test-3] DriverFactoryManager - Default browser type is Chrome. For other options reset the value in config.json
[DEBUG] 2020-05-16 17:07:15.447 [TestNG-test=Test-1] DriverFactoryManager - Default browser type is Chrome. For other options reset the value in config.json
[DEBUG] 2020-05-16 17:07:15.450 [TestNG-test=Test-4] DriverFactoryManager - Default browser type is Chrome. For other options reset the value in config.json
[INFO ] 2020-05-16 17:07:15.467 [TestNG-test=Test-3] DriverFactoryManager - Local Operating System: WINDOWS 10
[INFO ] 2020-05-16 17:07:15.467 [TestNG-test=Test-2] DriverFactoryManager - Local Operating System: WINDOWS 10
[INFO ] 2020-05-16 17:07:15.489 [TestNG-test=Test-2] DriverFactoryManager - Local Architecture: amd64
[INFO ] 2020-05-16 17:07:15.489 [TestNG-test=Test-3] DriverFactoryManager - Local Architecture: amd64
[INFO ] 2020-05-16 17:07:15.489 [TestNG-test=Test-4] DriverFactoryManager - Local Operating System: WINDOWS 10
[INFO ] 2020-05-16 17:07:15.489 [TestNG-test=Test-1] DriverFactoryManager - Local Operating System: WINDOWS 10
[INFO ] 2020-05-16 17:07:15.489 [TestNG-test=Test-2] DriverFactoryManager - Selected Browser: CHROME
[INFO ] 2020-05-16 17:07:15.490 [TestNG-test=Test-1] DriverFactoryManager - Local Architecture: amd64
[INFO ] 2020-05-16 17:07:15.490 [TestNG-test=Test-3] DriverFactoryManager - Selected Browser: CHROME
[INFO ] 2020-05-16 17:07:15.490 [TestNG-test=Test-2] DriverFactoryManager - Selenium Grid is set to : false
[INFO ] 2020-05-16 17:07:15.490 [TestNG-test=Test-1] DriverFactoryManager - Selected Browser: CHROME
[INFO ] 2020-05-16 17:07:15.490 [TestNG-test=Test-4] DriverFactoryManager - Local Architecture: amd64
[INFO ] 2020-05-16 17:07:15.491 [TestNG-test=Test-1] DriverFactoryManager - Selenium Grid is set to : false
[INFO ] 2020-05-16 17:07:15.491 [TestNG-test=Test-4] DriverFactoryManager - Selected Browser: CHROME
[INFO ] 2020-05-16 17:07:15.491 [TestNG-test=Test-3] DriverFactoryManager - Selenium Grid is set to : false
[INFO ] 2020-05-16 17:07:15.492 [TestNG-test=Test-4] DriverFactoryManager - Selenium Grid is set to : false
[INFO ] 2020-05-16 17:07:26.520 [TestNG-test=Test-4] WaitHelper - Waiting for By.name: q for the specified:20 seconds
[INFO ] 2020-05-16 17:07:26.851 [TestNG-test=Test-2] WaitHelper - Waiting for By.name: q for the specified:20 seconds
[INFO ] 2020-05-16 17:07:26.908 [TestNG-test=Test-1] WaitHelper - Waiting for By.name: q for the specified:20 seconds
[INFO ] 2020-05-16 17:07:27.139 [TestNG-test=Test-3] WaitHelper - Waiting for By.name: q for the specified:20 seconds
[INFO ] 2020-05-16 17:07:28.136 [TestNG-test=Test-4] WaitHelper - Waiting for By.name: btnK for the specified:20 seconds
[INFO ] 2020-05-16 17:07:28.696 [TestNG-test=Test-3] WaitHelper - Waiting for By.name: btnK for the specified:20 seconds
[INFO ] 2020-05-16 17:07:28.999 [TestNG-test=Test-1] WaitHelper - Waiting for By.name: btnK for the specified:20 seconds
[INFO ] 2020-05-16 17:07:29.007 [TestNG-test=Test-2] WaitHelper - Waiting for By.name: btnK for the specified:20 seconds
[INFO ] 2020-05-16 17:10:15.709 [main] ChromeService - ChromeDriver Service is started...
[DEBUG] 2020-05-16 17:10:16.010 [TestNG-test=Test-1] DriverFactoryManager - Default browser type is Chrome. For other options reset the value in config.json
[DEBUG] 2020-05-16 17:10:16.010 [TestNG-test=Test-2] DriverFactoryManager - Default browser type is Chrome. For other options reset the value in config.json
[DEBUG] 2020-05-16 17:10:16.010 [TestNG-test=Test-3] DriverFactoryManager - Default browser type is Chrome. For other options reset the value in config.json
[DEBUG] 2020-05-16 17:10:16.013 [TestNG-test=Test-4] DriverFactoryManager - Default browser type is Chrome. For other options reset the value in config.json
[INFO ] 2020-05-16 17:10:16.018 [TestNG-test=Test-3] DriverFactoryManager - Local Operating System: WINDOWS 10
[INFO ] 2020-05-16 17:10:16.018 [TestNG-test=Test-2] DriverFactoryManager - Local Operating System: WINDOWS 10
[INFO ] 2020-05-16 17:10:16.018 [TestNG-test=Test-4] DriverFactoryManager - Local Operating System: WINDOWS 10
[INFO ] 2020-05-16 17:10:16.018 [TestNG-test=Test-1] DriverFactoryManager - Local Operating System: WINDOWS 10
[INFO ] 2020-05-16 17:10:16.019 [TestNG-test=Test-2] DriverFactoryManager - Local Architecture: amd64
[INFO ] 2020-05-16 17:10:16.019 [TestNG-test=Test-1] DriverFactoryManager - Local Architecture: amd64
[INFO ] 2020-05-16 17:10:16.019 [TestNG-test=Test-3] DriverFactoryManager - Local Architecture: amd64
[INFO ] 2020-05-16 17:10:16.019 [TestNG-test=Test-4] DriverFactoryManager - Local Architecture: amd64
[INFO ] 2020-05-16 17:10:16.019 [TestNG-test=Test-3] DriverFactoryManager - Selected Browser: CHROME
[INFO ] 2020-05-16 17:10:16.019 [TestNG-test=Test-1] DriverFactoryManager - Selected Browser: CHROME
[INFO ] 2020-05-16 17:10:16.019 [TestNG-test=Test-2] DriverFactoryManager - Selected Browser: CHROME
[INFO ] 2020-05-16 17:10:16.020 [TestNG-test=Test-3] DriverFactoryManager - Selenium Grid is set to : false
[INFO ] 2020-05-16 17:10:16.020 [TestNG-test=Test-2] DriverFactoryManager - Selenium Grid is set to : false
[INFO ] 2020-05-16 17:10:16.020 [TestNG-test=Test-4] DriverFactoryManager - Selected Browser: CHROME
[INFO ] 2020-05-16 17:10:16.020 [TestNG-test=Test-1] DriverFactoryManager - Selenium Grid is set to : false
[INFO ] 2020-05-16 17:10:16.021 [TestNG-test=Test-4] DriverFactoryManager - Selenium Grid is set to : false
[INFO ] 2020-05-16 17:10:25.503 [TestNG-test=Test-3] WaitHelper - Waiting for By.name: q for the specified:20 seconds
[INFO ] 2020-05-16 17:10:25.628 [TestNG-test=Test-1] WaitHelper - Waiting for By.name: q for the specified:20 seconds
[INFO ] 2020-05-16 17:10:26.004 [TestNG-test=Test-3] WaitHelper - Waiting for By.name: btnK for the specified:20 seconds
[INFO ] 2020-05-16 17:10:26.044 [TestNG-test=Test-2] WaitHelper - Waiting for By.name: q for the specified:20 seconds
[INFO ] 2020-05-16 17:10:26.580 [TestNG-test=Test-4] WaitHelper - Waiting for By.name: q for the specified:20 seconds
[INFO ] 2020-05-16 17:10:26.659 [TestNG-test=Test-1] WaitHelper - Waiting for By.name: btnK for the specified:20 seconds
[INFO ] 2020-05-16 17:10:27.067 [TestNG-test=Test-2] WaitHelper - Waiting for By.name: btnK for the specified:20 seconds
[INFO ] 2020-05-16 17:10:27.347 [TestNG-test=Test-4] WaitHelper - Waiting for By.name: btnK for the specified:20 seconds
[INFO ] 2020-05-16 17:13:35.672 [main] ChromeService - ChromeDriver Service is started...
[DEBUG] 2020-05-16 17:13:35.925 [TestNG-test=Test-4] DriverFactoryManager - Default browser type is Chrome. For other options reset the value in config.json
[DEBUG] 2020-05-16 17:13:35.928 [TestNG-test=Test-2] DriverFactoryManager - Default browser type is Chrome. For other options reset the value in config.json
[DEBUG] 2020-05-16 17:13:35.929 [TestNG-test=Test-1] DriverFactoryManager - Default browser type is Chrome. For other options reset the value in config.json
[DEBUG] 2020-05-16 17:13:35.929 [TestNG-test=Test-3] DriverFactoryManager - Default browser type is Chrome. For other options reset the value in config.json
[INFO ] 2020-05-16 17:13:35.936 [TestNG-test=Test-3] DriverFactoryManager - Local Operating System: WINDOWS 10
[INFO ] 2020-05-16 17:13:35.936 [TestNG-test=Test-1] DriverFactoryManager - Local Operating System: WINDOWS 10
[INFO ] 2020-05-16 17:13:35.936 [TestNG-test=Test-4] DriverFactoryManager - Local Operating System: WINDOWS 10
[INFO ] 2020-05-16 17:13:35.936 [TestNG-test=Test-2] DriverFactoryManager - Local Operating System: WINDOWS 10
[INFO ] 2020-05-16 17:13:35.936 [TestNG-test=Test-3] DriverFactoryManager - Local Architecture: amd64
[INFO ] 2020-05-16 17:13:35.936 [TestNG-test=Test-1] DriverFactoryManager - Local Architecture: amd64
[INFO ] 2020-05-16 17:13:35.937 [TestNG-test=Test-3] DriverFactoryManager - Selected Browser: CHROME
[INFO ] 2020-05-16 17:13:35.937 [TestNG-test=Test-3] DriverFactoryManager - Selenium Grid is set to : false
[INFO ] 2020-05-16 17:13:35.937 [TestNG-test=Test-1] DriverFactoryManager - Selected Browser: CHROME
[INFO ] 2020-05-16 17:13:35.938 [TestNG-test=Test-2] DriverFactoryManager - Local Architecture: amd64
[INFO ] 2020-05-16 17:13:35.938 [TestNG-test=Test-2] DriverFactoryManager - Selected Browser: CHROME
[INFO ] 2020-05-16 17:13:35.938 [TestNG-test=Test-4] DriverFactoryManager - Local Architecture: amd64
[INFO ] 2020-05-16 17:13:35.938 [TestNG-test=Test-2] DriverFactoryManager - Selenium Grid is set to : false
[INFO ] 2020-05-16 17:13:35.938 [TestNG-test=Test-1] DriverFactoryManager - Selenium Grid is set to : false
[INFO ] 2020-05-16 17:13:35.939 [TestNG-test=Test-4] DriverFactoryManager - Selected Browser: CHROME
[INFO ] 2020-05-16 17:13:35.940 [TestNG-test=Test-4] DriverFactoryManager - Selenium Grid is set to : false
[INFO ] 2020-05-16 17:13:46.463 [TestNG-test=Test-1] WaitHelper - Waiting for By.name: q for the specified:20 seconds
[INFO ] 2020-05-16 17:13:46.748 [TestNG-test=Test-2] WaitHelper - Waiting for By.name: q for the specified:20 seconds
[INFO ] 2020-05-16 17:13:46.989 [TestNG-test=Test-1] WaitHelper - Waiting for By.name: btnK for the specified:20 seconds
[INFO ] 2020-05-16 17:13:47.049 [TestNG-test=Test-4] WaitHelper - Waiting for By.name: q for the specified:20 seconds
[INFO ] 2020-05-16 17:13:47.061 [TestNG-test=Test-3] WaitHelper - Waiting for By.name: q for the specified:20 seconds
[INFO ] 2020-05-16 17:13:48.170 [TestNG-test=Test-2] WaitHelper - Waiting for By.name: btnK for the specified:20 seconds
[INFO ] 2020-05-16 17:13:48.174 [TestNG-test=Test-4] WaitHelper - Waiting for By.name: btnK for the specified:20 seconds
[INFO ] 2020-05-16 17:13:48.233 [TestNG-test=Test-3] WaitHelper - Waiting for By.name: btnK for the specified:20 seconds
[DEBUG] 2020-05-16 17:14:14.631 [TestNG-test=Test-2] DriverFactoryManager - Default browser type is Chrome. For other options reset the value in config.json
[INFO ] 2020-05-16 17:14:14.632 [TestNG-test=Test-2] DriverFactoryManager - Local Operating System: WINDOWS 10
[DEBUG] 2020-05-16 17:14:14.633 [TestNG-test=Test-1] DriverFactoryManager - Default browser type is Chrome. For other options reset the value in config.json
[INFO ] 2020-05-16 17:14:14.633 [TestNG-test=Test-2] DriverFactoryManager - Local Architecture: amd64
[INFO ] 2020-05-16 17:14:14.633 [TestNG-test=Test-2] DriverFactoryManager - Selected Browser: CHROME
[INFO ] 2020-05-16 17:14:14.633 [TestNG-test=Test-1] DriverFactoryManager - Local Operating System: WINDOWS 10
[INFO ] 2020-05-16 17:14:14.634 [TestNG-test=Test-2] DriverFactoryManager - Selenium Grid is set to : false
[INFO ] 2020-05-16 17:14:14.634 [TestNG-test=Test-1] DriverFactoryManager - Local Architecture: amd64
[INFO ] 2020-05-16 17:14:14.634 [TestNG-test=Test-1] DriverFactoryManager - Selected Browser: CHROME
[INFO ] 2020-05-16 17:14:14.635 [TestNG-test=Test-1] DriverFactoryManager - Selenium Grid is set to : false
[DEBUG] 2020-05-16 17:14:14.640 [TestNG-test=Test-3] DriverFactoryManager - Default browser type is Chrome. For other options reset the value in config.json
[INFO ] 2020-05-16 17:14:14.640 [TestNG-test=Test-3] DriverFactoryManager - Local Operating System: WINDOWS 10
[INFO ] 2020-05-16 17:14:14.640 [TestNG-test=Test-3] DriverFactoryManager - Local Architecture: amd64
[INFO ] 2020-05-16 17:14:14.641 [TestNG-test=Test-3] DriverFactoryManager - Selected Browser: CHROME
[INFO ] 2020-05-16 17:14:14.641 [TestNG-test=Test-3] DriverFactoryManager - Selenium Grid is set to : false
