[DEBUG] 2020-05-07 08:57:48.642 [main] DriverFactoryManager - Default browser type is Chrome. Reset the value in config.json
[INFO ] 2020-05-07 08:57:48.652 [main] DriverFactoryManager - Local Operating System: WINDOWS 10
[INFO ] 2020-05-07 08:57:48.653 [main] DriverFactoryManager - Local Architecture: amd64
[INFO ] 2020-05-07 08:57:48.653 [main] DriverFactoryManager - Selected Browser: CHROME
[INFO ] 2020-05-07 08:57:48.654 [main] DriverFactoryManager - Connecting to Selenium Grid: false
[DEBUG] 2020-05-07 12:57:41.115 [TestNG-test=Test-2] DriverFactoryManager - Default browser type is Chrome. Reset the value in config.json
[DEBUG] 2020-05-07 12:57:41.115 [TestNG-test=Test-3] DriverFactoryManager - Default browser type is Chrome. Reset the value in config.json
[DEBUG] 2020-05-07 12:57:41.115 [TestNG-test=Test-1] DriverFactoryManager - Default browser type is Chrome. Reset the value in config.json
[INFO ] 2020-05-07 12:57:41.140 [TestNG-test=Test-3] DriverFactoryManager - Local Operating System: WINDOWS 10
[INFO ] 2020-05-07 12:57:41.140 [TestNG-test=Test-1] DriverFactoryManager - Local Operating System: WINDOWS 10
[INFO ] 2020-05-07 12:57:41.140 [TestNG-test=Test-2] DriverFactoryManager - Local Operating System: WINDOWS 10
[INFO ] 2020-05-07 12:57:41.140 [TestNG-test=Test-3] DriverFactoryManager - Local Architecture: amd64
[INFO ] 2020-05-07 12:57:41.140 [TestNG-test=Test-2] DriverFactoryManager - Local Architecture: amd64
[INFO ] 2020-05-07 12:57:41.141 [TestNG-test=Test-3] DriverFactoryManager - Selected Browser: CHROME
[INFO ] 2020-05-07 12:57:41.141 [TestNG-test=Test-1] DriverFactoryManager - Local Architecture: amd64
[INFO ] 2020-05-07 12:57:41.141 [TestNG-test=Test-2] DriverFactoryManager - Selected Browser: CHROME
[INFO ] 2020-05-07 12:57:41.141 [TestNG-test=Test-2] DriverFactoryManager - Connecting to Selenium Grid: false
[INFO ] 2020-05-07 12:57:41.141 [TestNG-test=Test-1] DriverFactoryManager - Selected Browser: CHROME
[INFO ] 2020-05-07 12:57:41.141 [TestNG-test=Test-1] DriverFactoryManager - Connecting to Selenium Grid: false
[INFO ] 2020-05-07 12:57:41.142 [TestNG-test=Test-3] DriverFactoryManager - Connecting to Selenium Grid: false
[DEBUG] 2020-05-07 13:00:57.698 [TestNG-test=Test-1] DriverFactoryManager - Default browser type is Chrome. Reset the value in config.json
[DEBUG] 2020-05-07 13:00:57.698 [TestNG-test=Test-3] DriverFactoryManager - Default browser type is Chrome. Reset the value in config.json
[DEBUG] 2020-05-07 13:00:57.698 [TestNG-test=Test-2] DriverFactoryManager - Default browser type is Chrome. Reset the value in config.json
[INFO ] 2020-05-07 13:00:57.716 [TestNG-test=Test-1] DriverFactoryManager - Local Operating System: WINDOWS 10
[INFO ] 2020-05-07 13:00:57.717 [TestNG-test=Test-3] DriverFactoryManager - Local Operating System: WINDOWS 10
[INFO ] 2020-05-07 13:00:57.717 [TestNG-test=Test-1] DriverFactoryManager - Local Architecture: amd64
[INFO ] 2020-05-07 13:00:57.717 [TestNG-test=Test-2] DriverFactoryManager - Local Operating System: WINDOWS 10
[INFO ] 2020-05-07 13:00:57.717 [TestNG-test=Test-1] DriverFactoryManager - Selected Browser: CHROME
[INFO ] 2020-05-07 13:00:57.717 [TestNG-test=Test-3] DriverFactoryManager - Local Architecture: amd64
[INFO ] 2020-05-07 13:00:57.717 [TestNG-test=Test-1] DriverFactoryManager - Connecting to Selenium Grid: false
[INFO ] 2020-05-07 13:00:57.717 [TestNG-test=Test-2] DriverFactoryManager - Local Architecture: amd64
[INFO ] 2020-05-07 13:00:57.718 [TestNG-test=Test-3] DriverFactoryManager - Selected Browser: CHROME
[INFO ] 2020-05-07 13:00:57.718 [TestNG-test=Test-3] DriverFactoryManager - Connecting to Selenium Grid: false
[INFO ] 2020-05-07 13:00:57.718 [TestNG-test=Test-2] DriverFactoryManager - Selected Browser: CHROME
[INFO ] 2020-05-07 13:00:57.719 [TestNG-test=Test-2] DriverFactoryManager - Connecting to Selenium Grid: false
[DEBUG] 2020-05-07 13:03:47.797 [TestNG-test=Test-3] DriverFactoryManager - Default browser type is Chrome. Reset the value in config.json
[DEBUG] 2020-05-07 13:03:47.797 [TestNG-test=Test-2] DriverFactoryManager - Default browser type is Chrome. Reset the value in config.json
[DEBUG] 2020-05-07 13:03:47.797 [TestNG-test=Test-1] DriverFactoryManager - Default browser type is Chrome. Reset the value in config.json
[INFO ] 2020-05-07 13:03:47.804 [TestNG-test=Test-2] DriverFactoryManager - Local Operating System: WINDOWS 10
[INFO ] 2020-05-07 13:03:47.804 [TestNG-test=Test-3] DriverFactoryManager - Local Operating System: WINDOWS 10
[INFO ] 2020-05-07 13:03:47.804 [TestNG-test=Test-1] DriverFactoryManager - Local Operating System: WINDOWS 10
[INFO ] 2020-05-07 13:03:47.804 [TestNG-test=Test-2] DriverFactoryManager - Local Architecture: amd64
[INFO ] 2020-05-07 13:03:47.804 [TestNG-test=Test-3] DriverFactoryManager - Local Architecture: amd64
[INFO ] 2020-05-07 13:03:47.804 [TestNG-test=Test-1] DriverFactoryManager - Local Architecture: amd64
[INFO ] 2020-05-07 13:03:47.805 [TestNG-test=Test-2] DriverFactoryManager - Selected Browser: CHROME
[INFO ] 2020-05-07 13:03:47.805 [TestNG-test=Test-1] DriverFactoryManager - Selected Browser: CHROME
[INFO ] 2020-05-07 13:03:47.805 [TestNG-test=Test-3] DriverFactoryManager - Selected Browser: CHROME
[INFO ] 2020-05-07 13:03:47.805 [TestNG-test=Test-1] DriverFactoryManager - Connecting to Selenium Grid: false
[INFO ] 2020-05-07 13:03:47.805 [TestNG-test=Test-2] DriverFactoryManager - Connecting to Selenium Grid: false
[INFO ] 2020-05-07 13:03:47.805 [TestNG-test=Test-3] DriverFactoryManager - Connecting to Selenium Grid: false
[INFO ] 2020-05-07 13:03:56.898 [TestNG-test=Test-3] WaitHelper - Waiting for By.name: q for the specified:10 seconds
[INFO ] 2020-05-07 13:03:57.380 [TestNG-test=Test-1] WaitHelper - Waiting for By.name: q for the specified:10 seconds
[INFO ] 2020-05-07 13:03:57.547 [TestNG-test=Test-2] WaitHelper - Waiting for By.name: q for the specified:10 seconds
[INFO ] 2020-05-07 13:03:57.712 [TestNG-test=Test-3] WaitHelper - Waiting for By.name: btnK for the specified:10 seconds
[INFO ] 2020-05-07 13:03:58.131 [TestNG-test=Test-1] WaitHelper - Waiting for By.name: btnK for the specified:10 seconds
[INFO ] 2020-05-07 13:03:58.472 [TestNG-test=Test-2] WaitHelper - Waiting for By.name: btnK for the specified:10 seconds
[DEBUG] 2020-05-07 13:05:22.995 [TestNG-test=Test-1] DriverFactoryManager - Default browser type is Chrome. Reset the value in config.json
[DEBUG] 2020-05-07 13:05:22.995 [TestNG-test=Test-2] DriverFactoryManager - Default browser type is Chrome. Reset the value in config.json
[DEBUG] 2020-05-07 13:05:22.995 [TestNG-test=Test-3] DriverFactoryManager - Default browser type is Chrome. Reset the value in config.json
[INFO ] 2020-05-07 13:05:23.004 [TestNG-test=Test-1] DriverFactoryManager - Local Operating System: WINDOWS 10
[INFO ] 2020-05-07 13:05:23.004 [TestNG-test=Test-2] DriverFactoryManager - Local Operating System: WINDOWS 10
[INFO ] 2020-05-07 13:05:23.004 [TestNG-test=Test-3] DriverFactoryManager - Local Operating System: WINDOWS 10
[INFO ] 2020-05-07 13:05:23.004 [TestNG-test=Test-3] DriverFactoryManager - Local Architecture: amd64
[INFO ] 2020-05-07 13:05:23.005 [TestNG-test=Test-2] DriverFactoryManager - Local Architecture: amd64
[INFO ] 2020-05-07 13:05:23.005 [TestNG-test=Test-1] DriverFactoryManager - Local Architecture: amd64
[INFO ] 2020-05-07 13:05:23.005 [TestNG-test=Test-3] DriverFactoryManager - Selected Browser: CHROME
[INFO ] 2020-05-07 13:05:23.005 [TestNG-test=Test-1] DriverFactoryManager - Selected Browser: CHROME
[INFO ] 2020-05-07 13:05:23.005 [TestNG-test=Test-2] DriverFactoryManager - Selected Browser: CHROME
[INFO ] 2020-05-07 13:05:23.005 [TestNG-test=Test-3] DriverFactoryManager - Connecting to Selenium Grid: false
[INFO ] 2020-05-07 13:05:23.005 [TestNG-test=Test-2] DriverFactoryManager - Connecting to Selenium Grid: false
[INFO ] 2020-05-07 13:05:23.006 [TestNG-test=Test-1] DriverFactoryManager - Connecting to Selenium Grid: false
[INFO ] 2020-05-07 13:05:31.760 [TestNG-test=Test-1] WaitHelper - Waiting for By.name: q for the specified:10 seconds
[INFO ] 2020-05-07 13:05:32.156 [TestNG-test=Test-3] WaitHelper - Waiting for By.name: q for the specified:10 seconds
[INFO ] 2020-05-07 13:05:32.791 [TestNG-test=Test-1] WaitHelper - Waiting for By.name: btnK for the specified:10 seconds
[INFO ] 2020-05-07 13:05:32.914 [TestNG-test=Test-2] WaitHelper - Waiting for By.name: q for the specified:10 seconds
[INFO ] 2020-05-07 13:05:33.118 [TestNG-test=Test-3] WaitHelper - Waiting for By.name: btnK for the specified:10 seconds
[INFO ] 2020-05-07 13:05:33.664 [TestNG-test=Test-2] WaitHelper - Waiting for By.name: btnK for the specified:10 seconds
[DEBUG] 2020-05-07 13:08:08.669 [TestNG-test=Test-1] DriverFactoryManager - Default browser type is Chrome. Reset the value in config.json
[DEBUG] 2020-05-07 13:08:08.669 [TestNG-test=Test-2] DriverFactoryManager - Default browser type is Chrome. Reset the value in config.json
[DEBUG] 2020-05-07 13:08:08.669 [TestNG-test=Test-3] DriverFactoryManager - Default browser type is Chrome. Reset the value in config.json
[INFO ] 2020-05-07 13:08:08.676 [TestNG-test=Test-2] DriverFactoryManager - Local Operating System: WINDOWS 10
[INFO ] 2020-05-07 13:08:08.676 [TestNG-test=Test-1] DriverFactoryManager - Local Operating System: WINDOWS 10
[INFO ] 2020-05-07 13:08:08.676 [TestNG-test=Test-3] DriverFactoryManager - Local Operating System: WINDOWS 10
[INFO ] 2020-05-07 13:08:08.677 [TestNG-test=Test-2] DriverFactoryManager - Local Architecture: amd64
[INFO ] 2020-05-07 13:08:08.677 [TestNG-test=Test-2] DriverFactoryManager - Selected Browser: CHROME
[INFO ] 2020-05-07 13:08:08.678 [TestNG-test=Test-2] DriverFactoryManager - Connecting to Selenium Grid: false
[INFO ] 2020-05-07 13:08:08.678 [TestNG-test=Test-3] DriverFactoryManager - Local Architecture: amd64
[INFO ] 2020-05-07 13:08:08.678 [TestNG-test=Test-1] DriverFactoryManager - Local Architecture: amd64
[INFO ] 2020-05-07 13:08:08.678 [TestNG-test=Test-1] DriverFactoryManager - Selected Browser: CHROME
[INFO ] 2020-05-07 13:08:08.679 [TestNG-test=Test-1] DriverFactoryManager - Connecting to Selenium Grid: false
[INFO ] 2020-05-07 13:08:08.690 [TestNG-test=Test-3] DriverFactoryManager - Selected Browser: CHROME
[INFO ] 2020-05-07 13:08:08.690 [TestNG-test=Test-3] DriverFactoryManager - Connecting to Selenium Grid: false
[INFO ] 2020-05-07 13:08:17.565 [TestNG-test=Test-3] WaitHelper - Waiting for By.name: q for the specified:10 seconds
[INFO ] 2020-05-07 13:08:18.443 [TestNG-test=Test-2] WaitHelper - Waiting for By.name: q for the specified:10 seconds
[INFO ] 2020-05-07 13:08:18.666 [TestNG-test=Test-3] WaitHelper - Waiting for By.name: btnK for the specified:10 seconds
[INFO ] 2020-05-07 13:08:19.011 [TestNG-test=Test-1] WaitHelper - Waiting for By.name: q for the specified:10 seconds
[INFO ] 2020-05-07 13:08:19.471 [TestNG-test=Test-2] WaitHelper - Waiting for By.name: btnK for the specified:10 seconds
[INFO ] 2020-05-07 13:08:19.837 [TestNG-test=Test-1] WaitHelper - Waiting for By.name: btnK for the specified:10 seconds
[DEBUG] 2020-05-07 13:13:08.635 [TestNG-test=Test-1] DriverFactoryManager - Default browser type is Chrome. Reset the value in config.json
[DEBUG] 2020-05-07 13:13:08.635 [TestNG-test=Test-2] DriverFactoryManager - Default browser type is Chrome. Reset the value in config.json
[DEBUG] 2020-05-07 13:13:08.635 [TestNG-test=Test-3] DriverFactoryManager - Default browser type is Chrome. Reset the value in config.json
[INFO ] 2020-05-07 13:13:08.646 [TestNG-test=Test-2] DriverFactoryManager - Local Operating System: WINDOWS 10
[INFO ] 2020-05-07 13:13:08.646 [TestNG-test=Test-3] DriverFactoryManager - Local Operating System: WINDOWS 10
[INFO ] 2020-05-07 13:13:08.647 [TestNG-test=Test-2] DriverFactoryManager - Local Architecture: amd64
[INFO ] 2020-05-07 13:13:08.647 [TestNG-test=Test-3] DriverFactoryManager - Local Architecture: amd64
[INFO ] 2020-05-07 13:13:08.647 [TestNG-test=Test-2] DriverFactoryManager - Selected Browser: CHROME
[INFO ] 2020-05-07 13:13:08.647 [TestNG-test=Test-3] DriverFactoryManager - Selected Browser: CHROME
[INFO ] 2020-05-07 13:13:08.647 [TestNG-test=Test-2] DriverFactoryManager - Connecting to Selenium Grid: false
[INFO ] 2020-05-07 13:13:08.647 [TestNG-test=Test-3] DriverFactoryManager - Connecting to Selenium Grid: false
[INFO ] 2020-05-07 13:13:08.650 [TestNG-test=Test-1] DriverFactoryManager - Local Operating System: WINDOWS 10
[INFO ] 2020-05-07 13:13:08.651 [TestNG-test=Test-1] DriverFactoryManager - Local Architecture: amd64
[INFO ] 2020-05-07 13:13:08.651 [TestNG-test=Test-1] DriverFactoryManager - Selected Browser: CHROME
[INFO ] 2020-05-07 13:13:08.651 [TestNG-test=Test-1] DriverFactoryManager - Connecting to Selenium Grid: false
[INFO ] 2020-05-07 13:13:18.711 [TestNG-test=Test-1] WaitHelper - Waiting for By.name: q for the specified:10 seconds
[INFO ] 2020-05-07 13:13:18.717 [TestNG-test=Test-3] WaitHelper - Waiting for By.name: q for the specified:10 seconds
[INFO ] 2020-05-07 13:13:18.799 [TestNG-test=Test-2] WaitHelper - Waiting for By.name: q for the specified:10 seconds
[INFO ] 2020-05-07 13:13:19.709 [TestNG-test=Test-3] WaitHelper - Waiting for By.name: btnK for the specified:10 seconds
[INFO ] 2020-05-07 13:13:19.709 [TestNG-test=Test-2] WaitHelper - Waiting for By.name: btnK for the specified:10 seconds
[INFO ] 2020-05-07 13:13:19.765 [TestNG-test=Test-1] WaitHelper - Waiting for By.name: btnK for the specified:10 seconds
[DEBUG] 2020-05-07 13:15:46.833 [TestNG-test=Test-2] DriverFactoryManager - Default browser type is Chrome. Reset the value in config.json
[DEBUG] 2020-05-07 13:15:46.833 [TestNG-test=Test-1] DriverFactoryManager - Default browser type is Chrome. Reset the value in config.json
[DEBUG] 2020-05-07 13:15:46.833 [TestNG-test=Test-3] DriverFactoryManager - Default browser type is Chrome. Reset the value in config.json
[INFO ] 2020-05-07 13:16:07.905 [TestNG-test=Test-2] DriverFactoryManager - Local Operating System: WINDOWS 10
[INFO ] 2020-05-07 13:16:07.906 [TestNG-test=Test-2] DriverFactoryManager - Local Architecture: amd64
[INFO ] 2020-05-07 13:16:07.906 [TestNG-test=Test-2] DriverFactoryManager - Selected Browser: CHROME
[INFO ] 2020-05-07 13:16:07.906 [TestNG-test=Test-2] DriverFactoryManager - Selenium Grid is set to : true
[INFO ] 2020-05-07 13:16:10.222 [TestNG-test=Test-1] DriverFactoryManager - Local Operating System: WINDOWS 10
[INFO ] 2020-05-07 13:16:10.223 [TestNG-test=Test-1] DriverFactoryManager - Local Architecture: amd64
[INFO ] 2020-05-07 13:16:10.224 [TestNG-test=Test-1] DriverFactoryManager - Selected Browser: CHROME
[INFO ] 2020-05-07 13:16:10.224 [TestNG-test=Test-1] DriverFactoryManager - Selenium Grid is set to : true
[INFO ] 2020-05-07 13:16:20.257 [TestNG-test=Test-3] DriverFactoryManager - Local Operating System: WINDOWS 10
[INFO ] 2020-05-07 13:16:20.260 [TestNG-test=Test-3] DriverFactoryManager - Local Architecture: amd64
[INFO ] 2020-05-07 13:16:20.261 [TestNG-test=Test-3] DriverFactoryManager - Selected Browser: CHROME
[INFO ] 2020-05-07 13:16:20.262 [TestNG-test=Test-3] DriverFactoryManager - Selenium Grid is set to : true
[INFO ] 2020-05-07 13:23:02.858 [TestNG-test=Test-2] DriverFactoryManager - Local Operating System: WINDOWS 10
[INFO ] 2020-05-07 13:23:02.859 [TestNG-test=Test-2] DriverFactoryManager - Local Architecture: amd64
[INFO ] 2020-05-07 13:23:02.860 [TestNG-test=Test-2] DriverFactoryManager - Selected Browser: CHROME
[INFO ] 2020-05-07 13:23:02.860 [TestNG-test=Test-2] DriverFactoryManager - Selenium Grid is set to : true
[INFO ] 2020-05-07 13:23:04.690 [TestNG-test=Test-3] DriverFactoryManager - Local Operating System: WINDOWS 10
[INFO ] 2020-05-07 13:23:04.690 [TestNG-test=Test-3] DriverFactoryManager - Local Architecture: amd64
[INFO ] 2020-05-07 13:23:04.691 [TestNG-test=Test-3] DriverFactoryManager - Selected Browser: CHROME
[INFO ] 2020-05-07 13:23:04.692 [TestNG-test=Test-3] DriverFactoryManager - Selenium Grid is set to : true
[DEBUG] 2020-05-07 13:23:25.236 [TestNG-test=Test-1] DriverFactoryManager - Default browser type is Chrome. Reset the value in config.json
[DEBUG] 2020-05-07 13:23:25.236 [TestNG-test=Test-3] DriverFactoryManager - Default browser type is Chrome. Reset the value in config.json
[DEBUG] 2020-05-07 13:23:25.236 [TestNG-test=Test-2] DriverFactoryManager - Default browser type is Chrome. Reset the value in config.json
[INFO ] 2020-05-07 13:23:25.254 [TestNG-test=Test-3] DriverFactoryManager - Local Operating System: WINDOWS 10
[INFO ] 2020-05-07 13:23:25.255 [TestNG-test=Test-1] DriverFactoryManager - Local Operating System: WINDOWS 10
[INFO ] 2020-05-07 13:23:25.254 [TestNG-test=Test-2] DriverFactoryManager - Local Operating System: WINDOWS 10
[INFO ] 2020-05-07 13:23:25.255 [TestNG-test=Test-1] DriverFactoryManager - Local Architecture: amd64
[INFO ] 2020-05-07 13:23:25.255 [TestNG-test=Test-3] DriverFactoryManager - Local Architecture: amd64
[INFO ] 2020-05-07 13:23:25.255 [TestNG-test=Test-2] DriverFactoryManager - Local Architecture: amd64
[INFO ] 2020-05-07 13:23:25.256 [TestNG-test=Test-3] DriverFactoryManager - Selected Browser: CHROME
[INFO ] 2020-05-07 13:23:25.256 [TestNG-test=Test-2] DriverFactoryManager - Selected Browser: CHROME
[INFO ] 2020-05-07 13:23:25.256 [TestNG-test=Test-2] DriverFactoryManager - Selenium Grid is set to : true
[INFO ] 2020-05-07 13:23:25.262 [TestNG-test=Test-1] DriverFactoryManager - Selected Browser: CHROME
[INFO ] 2020-05-07 13:23:25.262 [TestNG-test=Test-1] DriverFactoryManager - Selenium Grid is set to : true
[INFO ] 2020-05-07 13:23:25.264 [TestNG-test=Test-3] DriverFactoryManager - Selenium Grid is set to : true
[DEBUG] 2020-05-07 13:24:44.518 [TestNG-test=Test-1] DriverFactoryManager - Default browser type is Chrome. Reset the value in config.json
[DEBUG] 2020-05-07 13:24:44.518 [TestNG-test=Test-3] DriverFactoryManager - Default browser type is Chrome. Reset the value in config.json
[DEBUG] 2020-05-07 13:24:44.518 [TestNG-test=Test-2] DriverFactoryManager - Default browser type is Chrome. Reset the value in config.json
[INFO ] 2020-05-07 13:24:44.529 [TestNG-test=Test-3] DriverFactoryManager - Local Operating System: WINDOWS 10
[INFO ] 2020-05-07 13:24:44.529 [TestNG-test=Test-1] DriverFactoryManager - Local Operating System: WINDOWS 10
[INFO ] 2020-05-07 13:24:44.529 [TestNG-test=Test-2] DriverFactoryManager - Local Operating System: WINDOWS 10
[INFO ] 2020-05-07 13:24:44.530 [TestNG-test=Test-3] DriverFactoryManager - Local Architecture: amd64
[INFO ] 2020-05-07 13:24:44.530 [TestNG-test=Test-2] DriverFactoryManager - Local Architecture: amd64
[INFO ] 2020-05-07 13:24:44.530 [TestNG-test=Test-1] DriverFactoryManager - Local Architecture: amd64
[INFO ] 2020-05-07 13:24:44.531 [TestNG-test=Test-3] DriverFactoryManager - Selected Browser: CHROME
[INFO ] 2020-05-07 13:24:44.531 [TestNG-test=Test-1] DriverFactoryManager - Selected Browser: CHROME
[INFO ] 2020-05-07 13:24:44.531 [TestNG-test=Test-2] DriverFactoryManager - Selected Browser: CHROME
[INFO ] 2020-05-07 13:24:44.531 [TestNG-test=Test-2] DriverFactoryManager - Selenium Grid is set to : true
[INFO ] 2020-05-07 13:24:44.531 [TestNG-test=Test-1] DriverFactoryManager - Selenium Grid is set to : true
[INFO ] 2020-05-07 13:24:44.531 [TestNG-test=Test-3] DriverFactoryManager - Selenium Grid is set to : true
[DEBUG] 2020-05-07 13:26:02.404 [TestNG-test=Test-1] DriverFactoryManager - Default browser type is Chrome. Reset the value in config.json
[DEBUG] 2020-05-07 13:26:02.404 [TestNG-test=Test-2] DriverFactoryManager - Default browser type is Chrome. Reset the value in config.json
[DEBUG] 2020-05-07 13:26:02.404 [TestNG-test=Test-3] DriverFactoryManager - Default browser type is Chrome. Reset the value in config.json
[INFO ] 2020-05-07 13:26:02.417 [TestNG-test=Test-3] DriverFactoryManager - Local Operating System: WINDOWS 10
[INFO ] 2020-05-07 13:26:02.418 [TestNG-test=Test-3] DriverFactoryManager - Local Architecture: amd64
[INFO ] 2020-05-07 13:26:02.418 [TestNG-test=Test-3] DriverFactoryManager - Selected Browser: CHROME
[INFO ] 2020-05-07 13:26:02.419 [TestNG-test=Test-3] DriverFactoryManager - Selenium Grid is set to : true
[INFO ] 2020-05-07 13:26:02.419 [TestNG-test=Test-1] DriverFactoryManager - Local Operating System: WINDOWS 10
[INFO ] 2020-05-07 13:26:02.419 [TestNG-test=Test-2] DriverFactoryManager - Local Operating System: WINDOWS 10
[INFO ] 2020-05-07 13:26:02.420 [TestNG-test=Test-2] DriverFactoryManager - Local Architecture: amd64
[INFO ] 2020-05-07 13:26:02.420 [TestNG-test=Test-2] DriverFactoryManager - Selected Browser: CHROME
[INFO ] 2020-05-07 13:26:02.420 [TestNG-test=Test-2] DriverFactoryManager - Selenium Grid is set to : true
[INFO ] 2020-05-07 13:26:02.422 [TestNG-test=Test-1] DriverFactoryManager - Local Architecture: amd64
[INFO ] 2020-05-07 13:26:02.423 [TestNG-test=Test-1] DriverFactoryManager - Selected Browser: CHROME
[INFO ] 2020-05-07 13:26:02.423 [TestNG-test=Test-1] DriverFactoryManager - Selenium Grid is set to : true
[DEBUG] 2020-05-07 15:40:08.365 [TestNG-test=Test-2] DriverFactoryManager - Default browser type is Chrome. Reset the value in config.json
[DEBUG] 2020-05-07 15:40:08.365 [TestNG-test=Test-3] DriverFactoryManager - Default browser type is Chrome. Reset the value in config.json
[DEBUG] 2020-05-07 15:40:08.365 [TestNG-test=Test-1] DriverFactoryManager - Default browser type is Chrome. Reset the value in config.json
[INFO ] 2020-05-07 15:40:08.376 [TestNG-test=Test-1] DriverFactoryManager - Local Operating System: WINDOWS 10
[INFO ] 2020-05-07 15:40:08.376 [TestNG-test=Test-3] DriverFactoryManager - Local Operating System: WINDOWS 10
[INFO ] 2020-05-07 15:40:08.377 [TestNG-test=Test-1] DriverFactoryManager - Local Architecture: amd64
[INFO ] 2020-05-07 15:40:08.377 [TestNG-test=Test-3] DriverFactoryManager - Local Architecture: amd64
[INFO ] 2020-05-07 15:40:08.377 [TestNG-test=Test-1] DriverFactoryManager - Selected Browser: CHROME
[INFO ] 2020-05-07 15:40:08.377 [TestNG-test=Test-2] DriverFactoryManager - Local Operating System: WINDOWS 10
[INFO ] 2020-05-07 15:40:08.377 [TestNG-test=Test-2] DriverFactoryManager - Local Architecture: amd64
[INFO ] 2020-05-07 15:40:08.377 [TestNG-test=Test-1] DriverFactoryManager - Selenium Grid is set to : true
[INFO ] 2020-05-07 15:40:08.378 [TestNG-test=Test-2] DriverFactoryManager - Selected Browser: CHROME
[INFO ] 2020-05-07 15:40:08.378 [TestNG-test=Test-2] DriverFactoryManager - Selenium Grid is set to : true
[INFO ] 2020-05-07 15:40:08.379 [TestNG-test=Test-3] DriverFactoryManager - Selected Browser: CHROME
[INFO ] 2020-05-07 15:40:08.380 [TestNG-test=Test-3] DriverFactoryManager - Selenium Grid is set to : true
[INFO ] 2020-05-07 15:40:09.051 [TestNG-test=Test-2] ChromeService - ChromeDriver Service is started...
[INFO ] 2020-05-07 15:40:09.051 [TestNG-test=Test-3] ChromeService - ChromeDriver Service is started...
[INFO ] 2020-05-07 15:40:09.051 [TestNG-test=Test-1] ChromeService - ChromeDriver Service is started...
[INFO ] 2020-05-07 15:40:30.839 [TestNG-test=Test-1] WaitHelper - Waiting for By.name: q for the specified:10 seconds
[INFO ] 2020-05-07 15:40:30.888 [TestNG-test=Test-3] WaitHelper - Waiting for By.name: q for the specified:10 seconds
[INFO ] 2020-05-07 15:40:30.888 [TestNG-test=Test-2] WaitHelper - Waiting for By.name: q for the specified:10 seconds
[INFO ] 2020-05-07 15:40:31.378 [TestNG-test=Test-3] WaitHelper - Waiting for By.name: btnK for the specified:10 seconds
[INFO ] 2020-05-07 15:40:31.456 [TestNG-test=Test-2] WaitHelper - Waiting for By.name: btnK for the specified:10 seconds
[INFO ] 2020-05-07 15:40:31.497 [TestNG-test=Test-1] WaitHelper - Waiting for By.name: btnK for the specified:10 seconds
[INFO ] 2020-05-07 15:42:41.077 [main] ChromeService - ChromeDriver Service is started...
[DEBUG] 2020-05-07 15:42:41.142 [TestNG-test=Test-3] DriverFactoryManager - Default browser type is Chrome. Reset the value in config.json
[DEBUG] 2020-05-07 15:42:41.142 [TestNG-test=Test-2] DriverFactoryManager - Default browser type is Chrome. Reset the value in config.json
[DEBUG] 2020-05-07 15:42:41.148 [TestNG-test=Test-1] DriverFactoryManager - Default browser type is Chrome. Reset the value in config.json
[INFO ] 2020-05-07 15:42:41.152 [TestNG-test=Test-3] DriverFactoryManager - Local Operating System: WINDOWS 10
[INFO ] 2020-05-07 15:42:41.152 [TestNG-test=Test-2] DriverFactoryManager - Local Operating System: WINDOWS 10
[INFO ] 2020-05-07 15:42:41.152 [TestNG-test=Test-1] DriverFactoryManager - Local Operating System: WINDOWS 10
[INFO ] 2020-05-07 15:42:41.152 [TestNG-test=Test-1] DriverFactoryManager - Local Architecture: amd64
[INFO ] 2020-05-07 15:42:41.152 [TestNG-test=Test-2] DriverFactoryManager - Local Architecture: amd64
[INFO ] 2020-05-07 15:42:41.152 [TestNG-test=Test-3] DriverFactoryManager - Local Architecture: amd64
[INFO ] 2020-05-07 15:42:41.153 [TestNG-test=Test-2] DriverFactoryManager - Selected Browser: CHROME
[INFO ] 2020-05-07 15:42:41.153 [TestNG-test=Test-3] DriverFactoryManager - Selected Browser: CHROME
[INFO ] 2020-05-07 15:42:41.153 [TestNG-test=Test-1] DriverFactoryManager - Selected Browser: CHROME
[INFO ] 2020-05-07 15:42:41.153 [TestNG-test=Test-1] DriverFactoryManager - Selenium Grid is set to : true
[INFO ] 2020-05-07 15:42:41.153 [TestNG-test=Test-3] DriverFactoryManager - Selenium Grid is set to : true
[INFO ] 2020-05-07 15:42:41.153 [TestNG-test=Test-2] DriverFactoryManager - Selenium Grid is set to : true
[INFO ] 2020-05-07 15:42:59.995 [TestNG-test=Test-2] WaitHelper - Waiting for By.name: q for the specified:10 seconds
[INFO ] 2020-05-07 15:43:00.216 [TestNG-test=Test-1] WaitHelper - Waiting for By.name: q for the specified:10 seconds
[INFO ] 2020-05-07 15:43:00.695 [TestNG-test=Test-1] WaitHelper - Waiting for By.name: btnK for the specified:10 seconds
[INFO ] 2020-05-07 15:43:00.866 [TestNG-test=Test-3] WaitHelper - Waiting for By.name: q for the specified:10 seconds
[INFO ] 2020-05-07 15:43:00.918 [TestNG-test=Test-2] WaitHelper - Waiting for By.name: btnK for the specified:10 seconds
[INFO ] 2020-05-07 15:43:01.551 [TestNG-test=Test-3] WaitHelper - Waiting for By.name: btnK for the specified:10 seconds
[INFO ] 2020-05-07 15:54:54.353 [main] ChromeService - ChromeDriver Service is started...
[DEBUG] 2020-05-07 15:54:54.422 [main] DriverFactoryManager - Default browser type is Chrome. For other options reset the value in config.json
[INFO ] 2020-05-07 15:54:54.430 [main] DriverFactoryManager - Local Operating System: WINDOWS 10
[INFO ] 2020-05-07 15:54:54.430 [main] DriverFactoryManager - Local Architecture: amd64
[INFO ] 2020-05-07 15:54:54.431 [main] DriverFactoryManager - Selected Browser: CHROME
[INFO ] 2020-05-07 15:54:54.431 [main] DriverFactoryManager - Selenium Grid is set to : false
[INFO ] 2020-05-07 15:55:04.987 [main] WaitHelper - Waiting for By.name: q123 for the specified:10 seconds
[ERROR] 2020-05-07 15:55:15.025 [main] WaitHelper - wait for element visiblity is failedorg.openqa.selenium.TimeoutException: Expected condition failed: waiting for visibility of element located by By.name: q123 (tried for 10 second(s) with 5 milliseconds interval)
[INFO ] 2020-05-07 15:55:24.092 [main] WaitHelper - Waiting for By.name: q123 for the specified:10 seconds
[ERROR] 2020-05-07 15:55:34.115 [main] WaitHelper - wait for element visiblity is failedorg.openqa.selenium.TimeoutException: Expected condition failed: waiting for visibility of element located by By.name: q123 (tried for 10 second(s) with 5 milliseconds interval)
[INFO ] 2020-05-07 15:55:38.768 [main] WaitHelper - Waiting for By.name: q123 for the specified:10 seconds
[ERROR] 2020-05-07 15:55:48.781 [main] WaitHelper - wait for element visiblity is failedorg.openqa.selenium.TimeoutException: Expected condition failed: waiting for visibility of element located by By.name: q123 (tried for 10 second(s) with 5 milliseconds interval)
[INFO ] 2020-05-07 16:00:30.368 [main] ChromeService - ChromeDriver Service is started...
[DEBUG] 2020-05-07 16:00:30.440 [main] DriverFactoryManager - Default browser type is Chrome. For other options reset the value in config.json
[INFO ] 2020-05-07 16:00:30.449 [main] DriverFactoryManager - Local Operating System: WINDOWS 10
[INFO ] 2020-05-07 16:00:30.450 [main] DriverFactoryManager - Local Architecture: amd64
[INFO ] 2020-05-07 16:00:30.450 [main] DriverFactoryManager - Selected Browser: CHROME
[INFO ] 2020-05-07 16:00:30.450 [main] DriverFactoryManager - Selenium Grid is set to : false
[INFO ] 2020-05-07 16:00:41.538 [main] WaitHelper - Waiting for By.name: q123 for the specified:10 seconds
[INFO ] 2020-05-07 16:00:56.677 [main] WaitHelper - Waiting for By.name: q123 for the specified:10 seconds
[INFO ] 2020-05-07 16:01:16.787 [main] WaitHelper - Waiting for By.name: q123 for the specified:10 seconds
[INFO ] 2020-05-07 16:07:27.673 [main] ChromeService - ChromeDriver Service is started...
[DEBUG] 2020-05-07 16:07:27.758 [main] DriverFactoryManager - Default browser type is Chrome. For other options reset the value in config.json
[INFO ] 2020-05-07 16:07:27.789 [main] DriverFactoryManager - Local Operating System: WINDOWS 10
[INFO ] 2020-05-07 16:07:27.790 [main] DriverFactoryManager - Local Architecture: amd64
[INFO ] 2020-05-07 16:07:27.790 [main] DriverFactoryManager - Selected Browser: CHROME
[INFO ] 2020-05-07 16:07:27.790 [main] DriverFactoryManager - Selenium Grid is set to : false
[INFO ] 2020-05-07 16:07:35.251 [main] WaitHelper - Waiting for By.name: q123 for the specified:10 seconds
[ERROR] 2020-05-07 16:07:45.298 [main] GoogleHomePage - performEnterText failed for the locatorBy.name: q123 : org.openqa.selenium.TimeoutException: Expected condition failed: waiting for visibility of element located by By.name: q123 (tried for 10 second(s) with 5 milliseconds interval)
[INFO ] 2020-05-07 16:07:45.299 [main] WaitHelper - Waiting for By.name: btnK for the specified:10 seconds
[INFO ] 2020-05-07 16:07:56.970 [main] WaitHelper - Waiting for By.name: q123 for the specified:10 seconds
[ERROR] 2020-05-07 16:08:06.984 [main] GoogleHomePage - performEnterText failed for the locatorBy.name: q123 : org.openqa.selenium.TimeoutException: Expected condition failed: waiting for visibility of element located by By.name: q123 (tried for 10 second(s) with 5 milliseconds interval)
[INFO ] 2020-05-07 16:08:06.985 [main] WaitHelper - Waiting for By.name: btnK for the specified:10 seconds
[INFO ] 2020-05-07 16:08:18.222 [main] WaitHelper - Waiting for By.name: q123 for the specified:10 seconds
[ERROR] 2020-05-07 16:08:28.232 [main] GoogleHomePage - performEnterText failed for the locatorBy.name: q123 : org.openqa.selenium.TimeoutException: Expected condition failed: waiting for visibility of element located by By.name: q123 (tried for 10 second(s) with 5 milliseconds interval)
[INFO ] 2020-05-07 16:08:28.232 [main] WaitHelper - Waiting for By.name: btnK for the specified:10 seconds
[INFO ] 2020-05-07 16:15:02.052 [main] ChromeService - ChromeDriver Service is started...
[DEBUG] 2020-05-07 16:15:02.125 [main] DriverFactoryManager - Default browser type is Chrome. For other options reset the value in config.json
[INFO ] 2020-05-07 16:15:02.138 [main] DriverFactoryManager - Local Operating System: WINDOWS 10
[INFO ] 2020-05-07 16:15:02.138 [main] DriverFactoryManager - Local Architecture: amd64
[INFO ] 2020-05-07 16:15:02.139 [main] DriverFactoryManager - Selected Browser: CHROME
[INFO ] 2020-05-07 16:15:02.139 [main] DriverFactoryManager - Selenium Grid is set to : false
[INFO ] 2020-05-07 16:15:09.591 [main] WaitHelper - Waiting for By.name: q123 for the specified:10 seconds
[INFO ] 2020-05-07 16:15:21.179 [main] WaitHelper - Waiting for By.name: q123 for the specified:10 seconds
[INFO ] 2020-05-07 16:15:32.489 [main] WaitHelper - Waiting for By.name: q123 for the specified:10 seconds
