[INFO ] 2020-05-12 11:58:49.517 [main] ChromeService - ChromeDriver Service is started...
[DEBUG] 2020-05-12 11:58:49.808 [TestNG-test=Test-1] DriverFactoryManager - Default browser type is Chrome. For other options reset the value in config.json
[DEBUG] 2020-05-12 11:58:49.808 [TestNG-test=Test-3] DriverFactoryManager - Default browser type is Chrome. For other options reset the value in config.json
[DEBUG] 2020-05-12 11:58:49.808 [TestNG-test=Test-4] DriverFactoryManager - Default browser type is Chrome. For other options reset the value in config.json
[DEBUG] 2020-05-12 11:58:49.811 [TestNG-test=Test-2] DriverFactoryManager - Default browser type is Chrome. For other options reset the value in config.json
[INFO ] 2020-05-12 11:58:49.829 [TestNG-test=Test-1] DriverFactoryManager - Local Operating System: WINDOWS 10
[INFO ] 2020-05-12 11:58:49.829 [TestNG-test=Test-3] DriverFactoryManager - Local Operating System: WINDOWS 10
[INFO ] 2020-05-12 11:58:49.829 [TestNG-test=Test-2] DriverFactoryManager - Local Operating System: WINDOWS 10
[INFO ] 2020-05-12 11:58:49.829 [TestNG-test=Test-4] DriverFactoryManager - Local Operating System: WINDOWS 10
[INFO ] 2020-05-12 11:58:49.830 [TestNG-test=Test-4] DriverFactoryManager - Local Architecture: amd64
[INFO ] 2020-05-12 11:58:49.830 [TestNG-test=Test-4] DriverFactoryManager - Selected Browser: CHROME
[INFO ] 2020-05-12 11:58:49.830 [TestNG-test=Test-2] DriverFactoryManager - Local Architecture: amd64
[INFO ] 2020-05-12 11:58:49.830 [TestNG-test=Test-4] DriverFactoryManager - Selenium Grid is set to : false
[INFO ] 2020-05-12 11:58:49.830 [TestNG-test=Test-3] DriverFactoryManager - Local Architecture: amd64
[INFO ] 2020-05-12 11:58:49.830 [TestNG-test=Test-2] DriverFactoryManager - Selected Browser: CHROME
[INFO ] 2020-05-12 11:58:49.830 [TestNG-test=Test-1] DriverFactoryManager - Local Architecture: amd64
[INFO ] 2020-05-12 11:58:49.831 [TestNG-test=Test-2] DriverFactoryManager - Selenium Grid is set to : false
[INFO ] 2020-05-12 11:58:49.831 [TestNG-test=Test-1] DriverFactoryManager - Selected Browser: CHROME
[INFO ] 2020-05-12 11:58:49.831 [TestNG-test=Test-3] DriverFactoryManager - Selected Browser: CHROME
[INFO ] 2020-05-12 11:58:49.831 [TestNG-test=Test-1] DriverFactoryManager - Selenium Grid is set to : false
[INFO ] 2020-05-12 11:58:49.831 [TestNG-test=Test-3] DriverFactoryManager - Selenium Grid is set to : false
[INFO ] 2020-05-12 11:59:11.808 [TestNG-test=Test-3] WaitHelper - Waiting for By.name: q for the specified:10 seconds
[INFO ] 2020-05-12 11:59:12.396 [TestNG-test=Test-3] WaitHelper - Waiting for By.name: btnK for the specified:10 seconds
[INFO ] 2020-05-12 11:59:15.991 [TestNG-test=Test-2] WaitHelper - Waiting for By.name: q for the specified:10 seconds
[INFO ] 2020-05-12 11:59:16.022 [TestNG-test=Test-1] WaitHelper - Waiting for By.name: q for the specified:10 seconds
[INFO ] 2020-05-12 11:59:16.116 [TestNG-test=Test-4] WaitHelper - Waiting for By.name: q for the specified:10 seconds
[INFO ] 2020-05-12 11:59:16.723 [TestNG-test=Test-2] WaitHelper - Waiting for By.name: btnK for the specified:10 seconds
[INFO ] 2020-05-12 11:59:17.936 [TestNG-test=Test-1] WaitHelper - Waiting for By.name: btnK for the specified:10 seconds
[INFO ] 2020-05-12 11:59:17.945 [TestNG-test=Test-4] WaitHelper - Waiting for By.name: btnK for the specified:10 seconds
[INFO ] 2020-05-12 12:34:25.702 [main] ChromeService - ChromeDriver Service is started...
[DEBUG] 2020-05-12 12:34:26.077 [TestNG-test=Test-1] DriverFactoryManager - Default browser type is Chrome. For other options reset the value in config.json
[INFO ] 2020-05-12 12:34:26.109 [TestNG-test=Test-1] DriverFactoryManager - Local Operating System: WINDOWS 10
[INFO ] 2020-05-12 12:34:26.109 [TestNG-test=Test-1] DriverFactoryManager - Local Architecture: amd64
[INFO ] 2020-05-12 12:34:26.109 [TestNG-test=Test-1] DriverFactoryManager - Selected Browser: CHROME
[INFO ] 2020-05-12 12:34:26.109 [TestNG-test=Test-1] DriverFactoryManager - Selenium Grid is set to : false
[INFO ] 2020-05-12 12:34:33.761 [TestNG-test=Test-1] WaitHelper - Waiting for By.name: q for the specified:10 seconds
[INFO ] 2020-05-12 12:34:34.237 [TestNG-test=Test-1] WaitHelper - Waiting for By.name: btnK for the specified:10 seconds
[INFO ] 2020-05-12 12:34:38.828 [TestNG-test=Test-1] WaitHelper - Waiting for By.name: q for the specified:10 seconds
[INFO ] 2020-05-12 12:34:39.370 [TestNG-test=Test-1] WaitHelper - Waiting for By.name: btnK for the specified:10 seconds
[INFO ] 2020-05-12 12:34:44.404 [TestNG-test=Test-1] WaitHelper - Waiting for By.name: q for the specified:10 seconds
[INFO ] 2020-05-12 12:34:44.687 [TestNG-test=Test-1] WaitHelper - Waiting for By.name: btnK for the specified:10 seconds
[INFO ] 2020-05-12 12:34:48.485 [TestNG-test=Test-1] WaitHelper - Waiting for By.name: q for the specified:10 seconds
[INFO ] 2020-05-12 12:34:48.989 [TestNG-test=Test-1] WaitHelper - Waiting for By.name: btnK for the specified:10 seconds
[INFO ] 2020-05-12 14:32:27.224 [main] ChromeService - ChromeDriver Service is started...
[DEBUG] 2020-05-12 14:32:27.578 [TestNG-test=Test-2] DriverFactoryManager - Default browser type is Chrome. For other options reset the value in config.json
[DEBUG] 2020-05-12 14:32:27.578 [TestNG-test=Test-1] DriverFactoryManager - Default browser type is Chrome. For other options reset the value in config.json
[INFO ] 2020-05-12 14:32:27.588 [TestNG-test=Test-2] DriverFactoryManager - Local Operating System: WINDOWS 10
[INFO ] 2020-05-12 14:32:27.588 [TestNG-test=Test-1] DriverFactoryManager - Local Operating System: WINDOWS 10
[INFO ] 2020-05-12 14:32:27.588 [TestNG-test=Test-1] DriverFactoryManager - Local Architecture: amd64
[INFO ] 2020-05-12 14:32:27.588 [TestNG-test=Test-2] DriverFactoryManager - Local Architecture: amd64
[INFO ] 2020-05-12 14:32:27.588 [TestNG-test=Test-1] DriverFactoryManager - Selected Browser: CHROME
[INFO ] 2020-05-12 14:32:27.588 [TestNG-test=Test-2] DriverFactoryManager - Selected Browser: CHROME
[INFO ] 2020-05-12 14:32:27.589 [TestNG-test=Test-2] DriverFactoryManager - Selenium Grid is set to : false
[INFO ] 2020-05-12 14:32:27.589 [TestNG-test=Test-1] DriverFactoryManager - Selenium Grid is set to : false
[INFO ] 2020-05-12 14:32:34.913 [TestNG-test=Test-1] WaitHelper - Waiting for By.name: q for the specified:10 seconds
[INFO ] 2020-05-12 14:32:34.932 [TestNG-test=Test-2] WaitHelper - Waiting for By.name: q for the specified:10 seconds
[INFO ] 2020-05-12 14:32:35.284 [TestNG-test=Test-2] WaitHelper - Waiting for By.name: btnK for the specified:10 seconds
[INFO ] 2020-05-12 14:32:35.313 [TestNG-test=Test-1] WaitHelper - Waiting for By.name: btnK for the specified:10 seconds
[INFO ] 2020-05-12 14:32:41.705 [TestNG-test=Test-1] WaitHelper - Waiting for By.name: q for the specified:10 seconds
[INFO ] 2020-05-12 14:32:41.960 [TestNG-test=Test-1] WaitHelper - Waiting for By.name: btnK for the specified:10 seconds
[INFO ] 2020-05-12 14:32:42.687 [TestNG-test=Test-2] WaitHelper - Waiting for By.name: q for the specified:10 seconds
[INFO ] 2020-05-12 14:32:42.948 [TestNG-test=Test-2] WaitHelper - Waiting for By.name: btnK for the specified:10 seconds
[INFO ] 2020-05-12 14:57:43.035 [main] ChromeService - ChromeDriver Service is started...
[DEBUG] 2020-05-12 14:57:43.297 [TestNG-test=Test-2] DriverFactoryManager - Default browser type is Chrome. For other options reset the value in config.json
[DEBUG] 2020-05-12 14:57:43.298 [TestNG-test=Test-1] DriverFactoryManager - Default browser type is Chrome. For other options reset the value in config.json
[INFO ] 2020-05-12 14:57:43.304 [TestNG-test=Test-2] DriverFactoryManager - Local Operating System: WINDOWS 10
[INFO ] 2020-05-12 14:57:43.304 [TestNG-test=Test-1] DriverFactoryManager - Local Operating System: WINDOWS 10
[INFO ] 2020-05-12 14:57:43.305 [TestNG-test=Test-2] DriverFactoryManager - Local Architecture: amd64
[INFO ] 2020-05-12 14:57:43.305 [TestNG-test=Test-1] DriverFactoryManager - Local Architecture: amd64
[INFO ] 2020-05-12 14:57:43.305 [TestNG-test=Test-2] DriverFactoryManager - Selected Browser: CHROME
[INFO ] 2020-05-12 14:57:43.305 [TestNG-test=Test-1] DriverFactoryManager - Selected Browser: CHROME
[INFO ] 2020-05-12 14:57:43.306 [TestNG-test=Test-1] DriverFactoryManager - Selenium Grid is set to : false
[INFO ] 2020-05-12 14:57:43.306 [TestNG-test=Test-2] DriverFactoryManager - Selenium Grid is set to : false
[INFO ] 2020-05-12 14:57:50.235 [TestNG-test=Test-1] WaitHelper - Waiting for By.name: q for the specified:10 seconds
[INFO ] 2020-05-12 14:57:50.413 [TestNG-test=Test-2] WaitHelper - Waiting for By.name: q for the specified:10 seconds
[INFO ] 2020-05-12 14:57:50.762 [TestNG-test=Test-2] WaitHelper - Waiting for By.name: btnK for the specified:10 seconds
[INFO ] 2020-05-12 14:57:50.900 [TestNG-test=Test-1] WaitHelper - Waiting for By.name: btnK for the specified:10 seconds
[INFO ] 2020-05-12 14:57:57.494 [TestNG-test=Test-1] WaitHelper - Waiting for By.name: q for the specified:10 seconds
[INFO ] 2020-05-12 14:57:57.699 [TestNG-test=Test-1] WaitHelper - Waiting for By.name: btnK for the specified:10 seconds
[INFO ] 2020-05-12 14:58:00.852 [TestNG-test=Test-2] WaitHelper - Waiting for By.name: q for the specified:10 seconds
[INFO ] 2020-05-12 14:58:01.432 [TestNG-test=Test-2] WaitHelper - Waiting for By.name: btnK for the specified:10 seconds
[INFO ] 2020-05-12 19:09:01.438 [main] ChromeService - ChromeDriver Service is started...
[DEBUG] 2020-05-12 19:09:01.793 [TestNG-test=Test-1] DriverFactoryManager - Default browser type is Chrome. For other options reset the value in config.json
[DEBUG] 2020-05-12 19:09:01.790 [TestNG-test=Test-2] DriverFactoryManager - Default browser type is Chrome. For other options reset the value in config.json
[INFO ] 2020-05-12 19:09:01.802 [TestNG-test=Test-1] DriverFactoryManager - Local Operating System: WINDOWS 10
[INFO ] 2020-05-12 19:09:01.802 [TestNG-test=Test-2] DriverFactoryManager - Local Operating System: WINDOWS 10
[INFO ] 2020-05-12 19:09:01.802 [TestNG-test=Test-2] DriverFactoryManager - Local Architecture: amd64
[INFO ] 2020-05-12 19:09:01.802 [TestNG-test=Test-1] DriverFactoryManager - Local Architecture: amd64
[INFO ] 2020-05-12 19:09:01.803 [TestNG-test=Test-1] DriverFactoryManager - Selected Browser: CHROME
[INFO ] 2020-05-12 19:09:01.803 [TestNG-test=Test-2] DriverFactoryManager - Selected Browser: CHROME
[INFO ] 2020-05-12 19:09:01.803 [TestNG-test=Test-1] DriverFactoryManager - Selenium Grid is set to : false
[INFO ] 2020-05-12 19:09:01.803 [TestNG-test=Test-2] DriverFactoryManager - Selenium Grid is set to : false
[INFO ] 2020-05-12 19:09:09.090 [TestNG-test=Test-2] WaitHelper - Waiting for By.name: q for the specified:10 seconds
[INFO ] 2020-05-12 19:09:09.156 [TestNG-test=Test-1] WaitHelper - Waiting for By.name: q for the specified:10 seconds
[INFO ] 2020-05-12 19:09:09.815 [TestNG-test=Test-2] WaitHelper - Waiting for By.name: btnK for the specified:10 seconds
[INFO ] 2020-05-12 19:09:09.895 [TestNG-test=Test-1] WaitHelper - Waiting for By.name: btnK for the specified:10 seconds
[INFO ] 2020-05-12 19:09:15.132 [TestNG-test=Test-2] WaitHelper - Waiting for By.name: q for the specified:10 seconds
[INFO ] 2020-05-12 19:09:15.627 [TestNG-test=Test-2] WaitHelper - Waiting for By.name: btnK for the specified:10 seconds
[INFO ] 2020-05-12 19:09:25.398 [TestNG-test=Test-1] WaitHelper - Waiting for By.name: q for the specified:10 seconds
[INFO ] 2020-05-12 19:09:26.224 [TestNG-test=Test-1] WaitHelper - Waiting for By.name: btnK for the specified:10 seconds
[INFO ] 2020-05-12 19:17:42.097 [main] ChromeService - ChromeDriver Service is started...
[DEBUG] 2020-05-12 19:17:42.366 [TestNG-test=Test-1] DriverFactoryManager - Default browser type is Chrome. For other options reset the value in config.json
[DEBUG] 2020-05-12 19:17:42.367 [TestNG-test=Test-2] DriverFactoryManager - Default browser type is Chrome. For other options reset the value in config.json
[INFO ] 2020-05-12 19:17:42.375 [TestNG-test=Test-1] DriverFactoryManager - Local Operating System: WINDOWS 10
[INFO ] 2020-05-12 19:17:42.375 [TestNG-test=Test-2] DriverFactoryManager - Local Operating System: WINDOWS 10
[INFO ] 2020-05-12 19:17:42.375 [TestNG-test=Test-1] DriverFactoryManager - Local Architecture: amd64
[INFO ] 2020-05-12 19:17:42.375 [TestNG-test=Test-2] DriverFactoryManager - Local Architecture: amd64
[INFO ] 2020-05-12 19:17:42.375 [TestNG-test=Test-1] DriverFactoryManager - Selected Browser: CHROME
[INFO ] 2020-05-12 19:17:42.375 [TestNG-test=Test-2] DriverFactoryManager - Selected Browser: CHROME
[INFO ] 2020-05-12 19:17:42.375 [TestNG-test=Test-1] DriverFactoryManager - Selenium Grid is set to : false
[INFO ] 2020-05-12 19:17:42.376 [TestNG-test=Test-2] DriverFactoryManager - Selenium Grid is set to : false
[INFO ] 2020-05-12 19:17:50.412 [TestNG-test=Test-1] WaitHelper - Waiting for By.name: q for the specified:10 seconds
[INFO ] 2020-05-12 19:17:50.412 [TestNG-test=Test-2] WaitHelper - Waiting for By.name: q for the specified:10 seconds
[INFO ] 2020-05-12 19:17:50.781 [TestNG-test=Test-1] WaitHelper - Waiting for By.name: btnK for the specified:10 seconds
[INFO ] 2020-05-12 19:17:50.816 [TestNG-test=Test-2] WaitHelper - Waiting for By.name: btnK for the specified:10 seconds
[INFO ] 2020-05-12 19:17:58.038 [TestNG-test=Test-2] WaitHelper - Waiting for By.name: q for the specified:10 seconds
[INFO ] 2020-05-12 19:17:58.239 [TestNG-test=Test-2] WaitHelper - Waiting for By.name: btnK for the specified:10 seconds
[INFO ] 2020-05-12 19:18:06.575 [TestNG-test=Test-1] WaitHelper - Waiting for By.name: q for the specified:10 seconds
[INFO ] 2020-05-12 19:18:07.117 [TestNG-test=Test-1] WaitHelper - Waiting for By.name: btnK for the specified:10 seconds
[INFO ] 2020-05-12 19:29:40.366 [main] ChromeService - ChromeDriver Service is started...
[DEBUG] 2020-05-12 19:29:40.653 [TestNG-test=Test-1] DriverFactoryManager - Default browser type is Chrome. For other options reset the value in config.json
[DEBUG] 2020-05-12 19:29:40.653 [TestNG-test=Test-2] DriverFactoryManager - Default browser type is Chrome. For other options reset the value in config.json
[INFO ] 2020-05-12 19:29:40.741 [TestNG-test=Test-1] DriverFactoryManager - Local Operating System: WINDOWS 10
[INFO ] 2020-05-12 19:29:40.741 [TestNG-test=Test-2] DriverFactoryManager - Local Operating System: WINDOWS 10
[INFO ] 2020-05-12 19:29:40.742 [TestNG-test=Test-1] DriverFactoryManager - Local Architecture: amd64
[INFO ] 2020-05-12 19:29:40.742 [TestNG-test=Test-2] DriverFactoryManager - Local Architecture: amd64
[INFO ] 2020-05-12 19:29:40.742 [TestNG-test=Test-2] DriverFactoryManager - Selected Browser: CHROME
[INFO ] 2020-05-12 19:29:40.742 [TestNG-test=Test-1] DriverFactoryManager - Selected Browser: CHROME
[INFO ] 2020-05-12 19:29:40.742 [TestNG-test=Test-2] DriverFactoryManager - Selenium Grid is set to : false
[INFO ] 2020-05-12 19:29:40.742 [TestNG-test=Test-1] DriverFactoryManager - Selenium Grid is set to : false
[INFO ] 2020-05-12 19:29:47.826 [TestNG-test=Test-2] WaitHelper - Waiting for By.name: q for the specified:10 seconds
[INFO ] 2020-05-12 19:29:48.205 [TestNG-test=Test-1] WaitHelper - Waiting for By.name: q for the specified:10 seconds
[INFO ] 2020-05-12 19:29:48.413 [TestNG-test=Test-2] WaitHelper - Waiting for By.name: btnK for the specified:10 seconds
[INFO ] 2020-05-12 19:29:48.762 [TestNG-test=Test-1] WaitHelper - Waiting for By.name: btnK for the specified:10 seconds
[INFO ] 2020-05-12 19:30:02.572 [TestNG-test=Test-2] WaitHelper - Waiting for By.name: q for the specified:10 seconds
[INFO ] 2020-05-12 19:30:03.112 [TestNG-test=Test-2] WaitHelper - Waiting for By.name: btnK for the specified:10 seconds
[INFO ] 2020-05-12 19:30:04.850 [TestNG-test=Test-1] WaitHelper - Waiting for By.name: q for the specified:10 seconds
[INFO ] 2020-05-12 19:30:05.041 [TestNG-test=Test-1] WaitHelper - Waiting for By.name: btnK for the specified:10 seconds
[ERROR] 2020-05-12 19:30:15.069 [TestNG-test=Test-1] GoogleHomePage - Exception thrown in performSubmit functionorg.openqa.selenium.TimeoutException: Expected condition failed: waiting for element to be clickable: By.name: btnK (tried for 10 second(s) with 5 milliseconds interval)
Build info: version: '3.141.59', revision: 'e82be7d358', time: '2018-11-14T08:17:03'
System info: host: 'ARUNHOME', ip: '192.168.99.1', os.name: 'Windows 10', os.arch: 'amd64', os.version: '10.0', java.version: '1.8.0_251'
Driver info: org.openqa.selenium.remote.RemoteWebDriver
Capabilities {acceptInsecureCerts: false, browserName: chrome, browserVersion: 81.0.4044.138, chrome: {chromedriverVersion: 81.0.4044.69 (6813546031a4b..., userDataDir: C:\Users\aruni\AppData\Loca...}, goog:chromeOptions: {debuggerAddress: localhost:60163}, javascriptEnabled: true, networkConnectionEnabled: false, pageLoadStrategy: normal, platform: WINDOWS, platformName: WINDOWS, proxy: Proxy(), setWindowRect: true, strictFileInteractability: false, timeouts: {implicit: 0, pageLoad: 300000, script: 30000}, unhandledPromptBehavior: dismiss and notify, webauthn:virtualAuthenticators: true}
Session ID: d47df077ee8d79300b2d80eee531ee8f
[INFO ] 2020-05-12 19:33:11.601 [main] ChromeService - ChromeDriver Service is started...
[DEBUG] 2020-05-12 19:33:11.935 [TestNG-test=Test-1] DriverFactoryManager - Default browser type is Chrome. For other options reset the value in config.json
[DEBUG] 2020-05-12 19:33:11.938 [TestNG-test=Test-2] DriverFactoryManager - Default browser type is Chrome. For other options reset the value in config.json
[INFO ] 2020-05-12 19:33:11.952 [TestNG-test=Test-2] DriverFactoryManager - Local Operating System: WINDOWS 10
[INFO ] 2020-05-12 19:33:11.952 [TestNG-test=Test-1] DriverFactoryManager - Local Operating System: WINDOWS 10
[INFO ] 2020-05-12 19:33:11.952 [TestNG-test=Test-2] DriverFactoryManager - Local Architecture: amd64
[INFO ] 2020-05-12 19:33:11.952 [TestNG-test=Test-1] DriverFactoryManager - Local Architecture: amd64
[INFO ] 2020-05-12 19:33:11.953 [TestNG-test=Test-2] DriverFactoryManager - Selected Browser: CHROME
[INFO ] 2020-05-12 19:33:11.953 [TestNG-test=Test-2] DriverFactoryManager - Selenium Grid is set to : false
[INFO ] 2020-05-12 19:33:11.953 [TestNG-test=Test-1] DriverFactoryManager - Selected Browser: CHROME
[INFO ] 2020-05-12 19:33:11.953 [TestNG-test=Test-1] DriverFactoryManager - Selenium Grid is set to : false
[INFO ] 2020-05-12 19:33:27.192 [TestNG-test=Test-2] WaitHelper - Waiting for By.name: q for the specified:10 seconds
[INFO ] 2020-05-12 19:33:27.198 [TestNG-test=Test-1] WaitHelper - Waiting for By.name: q for the specified:10 seconds
[INFO ] 2020-05-12 19:33:27.491 [TestNG-test=Test-2] WaitHelper - Waiting for By.name: btnK for the specified:10 seconds
[INFO ] 2020-05-12 19:33:27.579 [TestNG-test=Test-1] WaitHelper - Waiting for By.name: btnK for the specified:10 seconds
[INFO ] 2020-05-12 19:33:39.742 [TestNG-test=Test-2] WaitHelper - Waiting for By.name: q for the specified:10 seconds
[INFO ] 2020-05-12 19:33:40.049 [TestNG-test=Test-2] WaitHelper - Waiting for By.name: btnK for the specified:10 seconds
[INFO ] 2020-05-12 19:33:52.066 [TestNG-test=Test-1] WaitHelper - Waiting for By.name: q for the specified:10 seconds
[INFO ] 2020-05-12 19:33:52.743 [TestNG-test=Test-1] WaitHelper - Waiting for By.name: btnK for the specified:10 seconds
[INFO ] 2020-05-12 19:35:10.182 [main] ChromeService - ChromeDriver Service is started...
[DEBUG] 2020-05-12 19:35:10.513 [TestNG-test=Test-1] DriverFactoryManager - Default browser type is Chrome. For other options reset the value in config.json
[DEBUG] 2020-05-12 19:35:10.515 [TestNG-test=Test-2] DriverFactoryManager - Default browser type is Chrome. For other options reset the value in config.json
[INFO ] 2020-05-12 19:35:10.521 [TestNG-test=Test-2] DriverFactoryManager - Local Operating System: WINDOWS 10
[INFO ] 2020-05-12 19:35:10.522 [TestNG-test=Test-1] DriverFactoryManager - Local Operating System: WINDOWS 10
[INFO ] 2020-05-12 19:35:10.522 [TestNG-test=Test-2] DriverFactoryManager - Local Architecture: amd64
[INFO ] 2020-05-12 19:35:10.522 [TestNG-test=Test-1] DriverFactoryManager - Local Architecture: amd64
[INFO ] 2020-05-12 19:35:10.522 [TestNG-test=Test-2] DriverFactoryManager - Selected Browser: CHROME
[INFO ] 2020-05-12 19:35:10.522 [TestNG-test=Test-1] DriverFactoryManager - Selected Browser: CHROME
[INFO ] 2020-05-12 19:35:10.523 [TestNG-test=Test-2] DriverFactoryManager - Selenium Grid is set to : false
[INFO ] 2020-05-12 19:35:10.523 [TestNG-test=Test-1] DriverFactoryManager - Selenium Grid is set to : false
[INFO ] 2020-05-12 19:35:19.584 [TestNG-test=Test-1] WaitHelper - Waiting for By.name: q for the specified:10 seconds
[INFO ] 2020-05-12 19:35:20.014 [TestNG-test=Test-1] WaitHelper - Waiting for By.name: btnK for the specified:10 seconds
[INFO ] 2020-05-12 19:35:20.519 [TestNG-test=Test-2] WaitHelper - Waiting for By.name: q for the specified:10 seconds
[INFO ] 2020-05-12 19:35:20.892 [TestNG-test=Test-2] WaitHelper - Waiting for By.name: btnK for the specified:10 seconds
[INFO ] 2020-05-12 19:35:29.766 [TestNG-test=Test-2] WaitHelper - Waiting for By.name: q for the specified:10 seconds
[INFO ] 2020-05-12 19:35:29.788 [TestNG-test=Test-1] WaitHelper - Waiting for By.name: q for the specified:10 seconds
[INFO ] 2020-05-12 19:35:29.947 [TestNG-test=Test-1] WaitHelper - Waiting for By.name: btnK for the specified:10 seconds
[INFO ] 2020-05-12 19:35:30.374 [TestNG-test=Test-2] WaitHelper - Waiting for By.name: btnK for the specified:10 seconds
[ERROR] 2020-05-12 19:35:40.003 [TestNG-test=Test-1] GoogleHomePage - Exception thrown in performSubmit functionorg.openqa.selenium.TimeoutException: Expected condition failed: waiting for element to be clickable: By.name: btnK (tried for 10 second(s) with 5 milliseconds interval)
Build info: version: '3.141.59', revision: 'e82be7d358', time: '2018-11-14T08:17:03'
System info: host: 'ARUNHOME', ip: '192.168.99.1', os.name: 'Windows 10', os.arch: 'amd64', os.version: '10.0', java.version: '1.8.0_251'
Driver info: org.openqa.selenium.remote.RemoteWebDriver
Capabilities {acceptInsecureCerts: false, browserName: chrome, browserVersion: 81.0.4044.138, chrome: {chromedriverVersion: 81.0.4044.69 (6813546031a4b..., userDataDir: C:\Users\aruni\AppData\Loca...}, goog:chromeOptions: {debuggerAddress: localhost:61046}, javascriptEnabled: true, networkConnectionEnabled: false, pageLoadStrategy: normal, platform: WINDOWS, platformName: WINDOWS, proxy: Proxy(), setWindowRect: true, strictFileInteractability: false, timeouts: {implicit: 0, pageLoad: 300000, script: 30000}, unhandledPromptBehavior: dismiss and notify, webauthn:virtualAuthenticators: true}
Session ID: 8244cf5a5fdc3c3820dfd1c07a8fc122
[INFO ] 2020-05-12 19:36:19.596 [main] ChromeService - ChromeDriver Service is started...
[DEBUG] 2020-05-12 19:36:19.854 [TestNG-test=Test-2] DriverFactoryManager - Default browser type is Chrome. For other options reset the value in config.json
[DEBUG] 2020-05-12 19:36:19.854 [TestNG-test=Test-1] DriverFactoryManager - Default browser type is Chrome. For other options reset the value in config.json
[INFO ] 2020-05-12 19:36:19.864 [TestNG-test=Test-1] DriverFactoryManager - Local Operating System: WINDOWS 10
[INFO ] 2020-05-12 19:36:19.864 [TestNG-test=Test-1] DriverFactoryManager - Local Architecture: amd64
[INFO ] 2020-05-12 19:36:19.865 [TestNG-test=Test-1] DriverFactoryManager - Selected Browser: CHROME
[INFO ] 2020-05-12 19:36:19.865 [TestNG-test=Test-1] DriverFactoryManager - Selenium Grid is set to : false
[INFO ] 2020-05-12 19:36:19.865 [TestNG-test=Test-2] DriverFactoryManager - Local Operating System: WINDOWS 10
[INFO ] 2020-05-12 19:36:19.865 [TestNG-test=Test-2] DriverFactoryManager - Local Architecture: amd64
[INFO ] 2020-05-12 19:36:19.866 [TestNG-test=Test-2] DriverFactoryManager - Selected Browser: CHROME
[INFO ] 2020-05-12 19:36:19.866 [TestNG-test=Test-2] DriverFactoryManager - Selenium Grid is set to : false
[INFO ] 2020-05-12 19:36:30.786 [TestNG-test=Test-1] WaitHelper - Waiting for By.name: q for the specified:20 seconds
[INFO ] 2020-05-12 19:36:30.865 [TestNG-test=Test-2] WaitHelper - Waiting for By.name: q for the specified:20 seconds
[INFO ] 2020-05-12 19:36:31.266 [TestNG-test=Test-1] WaitHelper - Waiting for By.name: btnK for the specified:20 seconds
[INFO ] 2020-05-12 19:36:31.535 [TestNG-test=Test-2] WaitHelper - Waiting for By.name: btnK for the specified:20 seconds
[INFO ] 2020-05-12 19:36:40.563 [TestNG-test=Test-2] WaitHelper - Waiting for By.name: q for the specified:20 seconds
[INFO ] 2020-05-12 19:36:40.563 [TestNG-test=Test-1] WaitHelper - Waiting for By.name: q for the specified:20 seconds
[INFO ] 2020-05-12 19:36:40.868 [TestNG-test=Test-1] WaitHelper - Waiting for By.name: btnK for the specified:20 seconds
[INFO ] 2020-05-12 19:36:41.167 [TestNG-test=Test-2] WaitHelper - Waiting for By.name: btnK for the specified:20 seconds
[ERROR] 2020-05-12 19:37:00.899 [TestNG-test=Test-1] GoogleHomePage - Exception thrown in performSubmit functionorg.openqa.selenium.TimeoutException: Expected condition failed: waiting for element to be clickable: By.name: btnK (tried for 20 second(s) with 5 milliseconds interval)
Build info: version: '3.141.59', revision: 'e82be7d358', time: '2018-11-14T08:17:03'
System info: host: 'ARUNHOME', ip: '192.168.99.1', os.name: 'Windows 10', os.arch: 'amd64', os.version: '10.0', java.version: '1.8.0_251'
Driver info: org.openqa.selenium.remote.RemoteWebDriver
Capabilities {acceptInsecureCerts: false, browserName: chrome, browserVersion: 81.0.4044.138, chrome: {chromedriverVersion: 81.0.4044.69 (6813546031a4b..., userDataDir: C:\Users\aruni\AppData\Loca...}, goog:chromeOptions: {debuggerAddress: localhost:61272}, javascriptEnabled: true, networkConnectionEnabled: false, pageLoadStrategy: normal, platform: WINDOWS, platformName: WINDOWS, proxy: Proxy(), setWindowRect: true, strictFileInteractability: false, timeouts: {implicit: 0, pageLoad: 300000, script: 30000}, unhandledPromptBehavior: dismiss and notify, webauthn:virtualAuthenticators: true}
Session ID: 44536f459d388610444c3972e4bed2a0
[INFO ] 2020-05-12 19:38:51.561 [main] ChromeService - ChromeDriver Service is started...
[DEBUG] 2020-05-12 19:38:51.929 [TestNG-test=Test-1] DriverFactoryManager - Default browser type is Chrome. For other options reset the value in config.json
[DEBUG] 2020-05-12 19:38:51.931 [TestNG-test=Test-2] DriverFactoryManager - Default browser type is Chrome. For other options reset the value in config.json
[INFO ] 2020-05-12 19:38:51.940 [TestNG-test=Test-2] DriverFactoryManager - Local Operating System: WINDOWS 10
[INFO ] 2020-05-12 19:38:51.940 [TestNG-test=Test-1] DriverFactoryManager - Local Operating System: WINDOWS 10
[INFO ] 2020-05-12 19:38:51.941 [TestNG-test=Test-2] DriverFactoryManager - Local Architecture: amd64
[INFO ] 2020-05-12 19:38:51.941 [TestNG-test=Test-1] DriverFactoryManager - Local Architecture: amd64
[INFO ] 2020-05-12 19:38:51.941 [TestNG-test=Test-2] DriverFactoryManager - Selected Browser: CHROME
[INFO ] 2020-05-12 19:38:51.942 [TestNG-test=Test-2] DriverFactoryManager - Selenium Grid is set to : false
[INFO ] 2020-05-12 19:38:51.942 [TestNG-test=Test-1] DriverFactoryManager - Selected Browser: CHROME
[INFO ] 2020-05-12 19:38:51.942 [TestNG-test=Test-1] DriverFactoryManager - Selenium Grid is set to : false
[INFO ] 2020-05-12 19:39:09.300 [TestNG-test=Test-2] WaitHelper - Waiting for By.name: q for the specified:20 seconds
[INFO ] 2020-05-12 19:39:09.400 [TestNG-test=Test-1] WaitHelper - Waiting for By.name: q for the specified:20 seconds
[INFO ] 2020-05-12 19:39:20.829 [TestNG-test=Test-2] WaitHelper - Waiting for By.name: btnK for the specified:20 seconds
[INFO ] 2020-05-12 19:39:28.894 [TestNG-test=Test-2] WaitHelper - Waiting for By.name: q for the specified:20 seconds
[INFO ] 2020-05-12 19:39:29.289 [TestNG-test=Test-2] WaitHelper - Waiting for By.name: btnK for the specified:20 seconds
[ERROR] 2020-05-12 19:39:29.416 [TestNG-test=Test-1] GoogleHomePage - Exception thrown in performEnterText functionorg.openqa.selenium.TimeoutException: Expected condition failed: waiting for visibility of element located by By.name: q (tried for 20 second(s) with 5 milliseconds interval)
[INFO ] 2020-05-12 19:39:31.596 [TestNG-test=Test-1] WaitHelper - Waiting for By.name: q for the specified:20 seconds
[INFO ] 2020-05-12 19:39:31.881 [TestNG-test=Test-1] WaitHelper - Waiting for By.name: btnK for the specified:20 seconds
[INFO ] 2020-05-12 19:40:35.977 [main] ChromeService - ChromeDriver Service is started...
[DEBUG] 2020-05-12 19:40:36.252 [TestNG-test=Test-3] DriverFactoryManager - Default browser type is Chrome. For other options reset the value in config.json
[DEBUG] 2020-05-12 19:40:36.254 [TestNG-test=Test-1] DriverFactoryManager - Default browser type is Chrome. For other options reset the value in config.json
[DEBUG] 2020-05-12 19:40:36.257 [TestNG-test=Test-4] DriverFactoryManager - Default browser type is Chrome. For other options reset the value in config.json
[INFO ] 2020-05-12 19:40:36.260 [TestNG-test=Test-3] DriverFactoryManager - Local Operating System: WINDOWS 10
[INFO ] 2020-05-12 19:40:36.260 [TestNG-test=Test-3] DriverFactoryManager - Local Architecture: amd64
[INFO ] 2020-05-12 19:40:36.260 [TestNG-test=Test-3] DriverFactoryManager - Selected Browser: CHROME
[INFO ] 2020-05-12 19:40:36.261 [TestNG-test=Test-3] DriverFactoryManager - Selenium Grid is set to : false
[DEBUG] 2020-05-12 19:40:36.262 [TestNG-test=Test-2] DriverFactoryManager - Default browser type is Chrome. For other options reset the value in config.json
[INFO ] 2020-05-12 19:40:36.262 [TestNG-test=Test-2] DriverFactoryManager - Local Operating System: WINDOWS 10
[INFO ] 2020-05-12 19:40:36.262 [TestNG-test=Test-2] DriverFactoryManager - Local Architecture: amd64
[INFO ] 2020-05-12 19:40:36.262 [TestNG-test=Test-1] DriverFactoryManager - Local Operating System: WINDOWS 10
[INFO ] 2020-05-12 19:40:36.263 [TestNG-test=Test-1] DriverFactoryManager - Local Architecture: amd64
[INFO ] 2020-05-12 19:40:36.263 [TestNG-test=Test-2] DriverFactoryManager - Selected Browser: CHROME
[INFO ] 2020-05-12 19:40:36.263 [TestNG-test=Test-1] DriverFactoryManager - Selected Browser: CHROME
[INFO ] 2020-05-12 19:40:36.263 [TestNG-test=Test-1] DriverFactoryManager - Selenium Grid is set to : false
[INFO ] 2020-05-12 19:40:36.263 [TestNG-test=Test-4] DriverFactoryManager - Local Operating System: WINDOWS 10
[INFO ] 2020-05-12 19:40:36.264 [TestNG-test=Test-4] DriverFactoryManager - Local Architecture: amd64
[INFO ] 2020-05-12 19:40:36.264 [TestNG-test=Test-4] DriverFactoryManager - Selected Browser: CHROME
[INFO ] 2020-05-12 19:40:36.264 [TestNG-test=Test-4] DriverFactoryManager - Selenium Grid is set to : false
[INFO ] 2020-05-12 19:40:36.265 [TestNG-test=Test-2] DriverFactoryManager - Selenium Grid is set to : false
[INFO ] 2020-05-12 19:40:47.964 [TestNG-test=Test-2] WaitHelper - Waiting for By.name: q for the specified:20 seconds
[INFO ] 2020-05-12 19:40:47.970 [TestNG-test=Test-3] WaitHelper - Waiting for By.name: q for the specified:20 seconds
[INFO ] 2020-05-12 19:40:48.120 [TestNG-test=Test-1] WaitHelper - Waiting for By.name: q for the specified:20 seconds
[INFO ] 2020-05-12 19:40:48.266 [TestNG-test=Test-4] WaitHelper - Waiting for By.name: q for the specified:20 seconds
[INFO ] 2020-05-12 19:40:48.446 [TestNG-test=Test-3] WaitHelper - Waiting for By.name: btnK for the specified:20 seconds
[INFO ] 2020-05-12 19:40:48.519 [TestNG-test=Test-2] WaitHelper - Waiting for By.name: btnK for the specified:20 seconds
[INFO ] 2020-05-12 19:40:48.607 [TestNG-test=Test-1] WaitHelper - Waiting for By.name: btnK for the specified:20 seconds
[INFO ] 2020-05-12 19:40:48.684 [TestNG-test=Test-4] WaitHelper - Waiting for By.name: btnK for the specified:20 seconds
[INFO ] 2020-05-12 19:45:00.975 [main] ChromeService - ChromeDriver Service is started...
[DEBUG] 2020-05-12 19:45:01.255 [TestNG-test=Test-3] DriverFactoryManager - Default browser type is Chrome. For other options reset the value in config.json
[DEBUG] 2020-05-12 19:45:01.260 [TestNG-test=Test-1] DriverFactoryManager - Default browser type is Chrome. For other options reset the value in config.json
[DEBUG] 2020-05-12 19:45:01.263 [TestNG-test=Test-2] DriverFactoryManager - Default browser type is Chrome. For other options reset the value in config.json
[DEBUG] 2020-05-12 19:45:01.263 [TestNG-test=Test-4] DriverFactoryManager - Default browser type is Chrome. For other options reset the value in config.json
[INFO ] 2020-05-12 19:45:01.263 [TestNG-test=Test-3] DriverFactoryManager - Local Operating System: WINDOWS 10
[INFO ] 2020-05-12 19:45:01.263 [TestNG-test=Test-2] DriverFactoryManager - Local Operating System: WINDOWS 10
[INFO ] 2020-05-12 19:45:01.263 [TestNG-test=Test-1] DriverFactoryManager - Local Operating System: WINDOWS 10
[INFO ] 2020-05-12 19:45:01.264 [TestNG-test=Test-2] DriverFactoryManager - Local Architecture: amd64
[INFO ] 2020-05-12 19:45:01.263 [TestNG-test=Test-3] DriverFactoryManager - Local Architecture: amd64
[INFO ] 2020-05-12 19:45:01.263 [TestNG-test=Test-4] DriverFactoryManager - Local Operating System: WINDOWS 10
[INFO ] 2020-05-12 19:45:01.264 [TestNG-test=Test-4] DriverFactoryManager - Local Architecture: amd64
[INFO ] 2020-05-12 19:45:01.264 [TestNG-test=Test-3] DriverFactoryManager - Selected Browser: CHROME
[INFO ] 2020-05-12 19:45:01.264 [TestNG-test=Test-1] DriverFactoryManager - Local Architecture: amd64
[INFO ] 2020-05-12 19:45:01.264 [TestNG-test=Test-2] DriverFactoryManager - Selected Browser: CHROME
[INFO ] 2020-05-12 19:45:01.264 [TestNG-test=Test-4] DriverFactoryManager - Selected Browser: CHROME
[INFO ] 2020-05-12 19:45:01.264 [TestNG-test=Test-3] DriverFactoryManager - Selenium Grid is set to : false
[INFO ] 2020-05-12 19:45:01.265 [TestNG-test=Test-2] DriverFactoryManager - Selenium Grid is set to : false
[INFO ] 2020-05-12 19:45:01.264 [TestNG-test=Test-4] DriverFactoryManager - Selenium Grid is set to : false
[INFO ] 2020-05-12 19:45:01.266 [TestNG-test=Test-1] DriverFactoryManager - Selected Browser: CHROME
[INFO ] 2020-05-12 19:45:01.266 [TestNG-test=Test-1] DriverFactoryManager - Selenium Grid is set to : false
[INFO ] 2020-05-12 19:45:11.585 [TestNG-test=Test-4] WaitHelper - Waiting for By.name: q for the specified:20 seconds
[INFO ] 2020-05-12 19:45:11.879 [TestNG-test=Test-3] WaitHelper - Waiting for By.name: q for the specified:20 seconds
[INFO ] 2020-05-12 19:45:12.061 [TestNG-test=Test-4] WaitHelper - Waiting for By.name: btnK for the specified:20 seconds
[INFO ] 2020-05-12 19:45:12.133 [TestNG-test=Test-2] WaitHelper - Waiting for By.name: q for the specified:20 seconds
[INFO ] 2020-05-12 19:45:12.333 [TestNG-test=Test-1] WaitHelper - Waiting for By.name: q for the specified:20 seconds
[INFO ] 2020-05-12 19:45:13.010 [TestNG-test=Test-3] WaitHelper - Waiting for By.name: btnK for the specified:20 seconds
[INFO ] 2020-05-12 19:45:13.191 [TestNG-test=Test-2] WaitHelper - Waiting for By.name: btnK for the specified:20 seconds
[INFO ] 2020-05-12 19:45:13.614 [TestNG-test=Test-1] WaitHelper - Waiting for By.name: btnK for the specified:20 seconds
[INFO ] 2020-05-12 19:54:04.992 [main] ChromeService - ChromeDriver Service is started...
[DEBUG] 2020-05-12 19:54:05.258 [TestNG-test=Test-1] DriverFactoryManager - Default browser type is Chrome. For other options reset the value in config.json
[DEBUG] 2020-05-12 19:54:05.260 [TestNG-test=Test-3] DriverFactoryManager - Default browser type is Chrome. For other options reset the value in config.json
[DEBUG] 2020-05-12 19:54:05.263 [TestNG-test=Test-4] DriverFactoryManager - Default browser type is Chrome. For other options reset the value in config.json
[DEBUG] 2020-05-12 19:54:05.265 [TestNG-test=Test-2] DriverFactoryManager - Default browser type is Chrome. For other options reset the value in config.json
[INFO ] 2020-05-12 19:54:05.272 [TestNG-test=Test-4] DriverFactoryManager - Local Operating System: WINDOWS 10
[INFO ] 2020-05-12 19:54:05.272 [TestNG-test=Test-3] DriverFactoryManager - Local Operating System: WINDOWS 10
[INFO ] 2020-05-12 19:54:05.272 [TestNG-test=Test-2] DriverFactoryManager - Local Operating System: WINDOWS 10
[INFO ] 2020-05-12 19:54:05.272 [TestNG-test=Test-2] DriverFactoryManager - Local Architecture: amd64
[INFO ] 2020-05-12 19:54:05.272 [TestNG-test=Test-1] DriverFactoryManager - Local Operating System: WINDOWS 10
[INFO ] 2020-05-12 19:54:05.272 [TestNG-test=Test-4] DriverFactoryManager - Local Architecture: amd64
[INFO ] 2020-05-12 19:54:05.273 [TestNG-test=Test-1] DriverFactoryManager - Local Architecture: amd64
[INFO ] 2020-05-12 19:54:05.273 [TestNG-test=Test-4] DriverFactoryManager - Selected Browser: CHROME
[INFO ] 2020-05-12 19:54:05.273 [TestNG-test=Test-1] DriverFactoryManager - Selected Browser: CHROME
[INFO ] 2020-05-12 19:54:05.272 [TestNG-test=Test-3] DriverFactoryManager - Local Architecture: amd64
[INFO ] 2020-05-12 19:54:05.272 [TestNG-test=Test-2] DriverFactoryManager - Selected Browser: CHROME
[INFO ] 2020-05-12 19:54:05.273 [TestNG-test=Test-3] DriverFactoryManager - Selected Browser: CHROME
[INFO ] 2020-05-12 19:54:05.273 [TestNG-test=Test-4] DriverFactoryManager - Selenium Grid is set to : false
[INFO ] 2020-05-12 19:54:05.274 [TestNG-test=Test-3] DriverFactoryManager - Selenium Grid is set to : false
[INFO ] 2020-05-12 19:54:05.273 [TestNG-test=Test-1] DriverFactoryManager - Selenium Grid is set to : false
[INFO ] 2020-05-12 19:54:05.273 [TestNG-test=Test-2] DriverFactoryManager - Selenium Grid is set to : false
[INFO ] 2020-05-12 19:54:15.511 [TestNG-test=Test-4] WaitHelper - Waiting for By.name: q for the specified:20 seconds
[INFO ] 2020-05-12 19:54:15.657 [TestNG-test=Test-2] WaitHelper - Waiting for By.name: q for the specified:20 seconds
[INFO ] 2020-05-12 19:54:15.750 [TestNG-test=Test-1] WaitHelper - Waiting for By.name: q for the specified:20 seconds
[INFO ] 2020-05-12 19:54:15.823 [TestNG-test=Test-3] WaitHelper - Waiting for By.name: q for the specified:20 seconds
[INFO ] 2020-05-12 19:54:15.994 [TestNG-test=Test-4] WaitHelper - Waiting for By.name: btnK for the specified:20 seconds
[INFO ] 2020-05-12 19:54:16.810 [TestNG-test=Test-2] WaitHelper - Waiting for By.name: btnK for the specified:20 seconds
[INFO ] 2020-05-12 19:54:16.857 [TestNG-test=Test-1] WaitHelper - Waiting for By.name: btnK for the specified:20 seconds
[INFO ] 2020-05-12 19:54:17.105 [TestNG-test=Test-3] WaitHelper - Waiting for By.name: btnK for the specified:20 seconds
[INFO ] 2020-05-12 20:06:37.387 [main] ChromeService - ChromeDriver Service is started...
[DEBUG] 2020-05-12 20:06:37.639 [TestNG-test=Test-1] DriverFactoryManager - Default browser type is Chrome. For other options reset the value in config.json
[DEBUG] 2020-05-12 20:06:37.642 [TestNG-test=Test-3] DriverFactoryManager - Default browser type is Chrome. For other options reset the value in config.json
[DEBUG] 2020-05-12 20:06:37.642 [TestNG-test=Test-4] DriverFactoryManager - Default browser type is Chrome. For other options reset the value in config.json
[INFO ] 2020-05-12 20:06:37.649 [TestNG-test=Test-3] DriverFactoryManager - Local Operating System: WINDOWS 10
[DEBUG] 2020-05-12 20:06:37.649 [TestNG-test=Test-2] DriverFactoryManager - Default browser type is Chrome. For other options reset the value in config.json
[INFO ] 2020-05-12 20:06:37.649 [TestNG-test=Test-1] DriverFactoryManager - Local Operating System: WINDOWS 10
[INFO ] 2020-05-12 20:06:37.649 [TestNG-test=Test-4] DriverFactoryManager - Local Operating System: WINDOWS 10
[INFO ] 2020-05-12 20:06:37.649 [TestNG-test=Test-4] DriverFactoryManager - Local Architecture: amd64
[INFO ] 2020-05-12 20:06:37.649 [TestNG-test=Test-2] DriverFactoryManager - Local Operating System: WINDOWS 10
[INFO ] 2020-05-12 20:06:37.649 [TestNG-test=Test-3] DriverFactoryManager - Local Architecture: amd64
[INFO ] 2020-05-12 20:06:37.649 [TestNG-test=Test-1] DriverFactoryManager - Local Architecture: amd64
[INFO ] 2020-05-12 20:06:37.649 [TestNG-test=Test-3] DriverFactoryManager - Selected Browser: CHROME
[INFO ] 2020-05-12 20:06:37.650 [TestNG-test=Test-4] DriverFactoryManager - Selected Browser: CHROME
[INFO ] 2020-05-12 20:06:37.650 [TestNG-test=Test-1] DriverFactoryManager - Selected Browser: CHROME
[INFO ] 2020-05-12 20:06:37.650 [TestNG-test=Test-2] DriverFactoryManager - Local Architecture: amd64
[INFO ] 2020-05-12 20:06:37.650 [TestNG-test=Test-2] DriverFactoryManager - Selected Browser: CHROME
[INFO ] 2020-05-12 20:06:37.650 [TestNG-test=Test-4] DriverFactoryManager - Selenium Grid is set to : false
[INFO ] 2020-05-12 20:06:37.650 [TestNG-test=Test-1] DriverFactoryManager - Selenium Grid is set to : false
[INFO ] 2020-05-12 20:06:37.650 [TestNG-test=Test-2] DriverFactoryManager - Selenium Grid is set to : false
[INFO ] 2020-05-12 20:06:37.651 [TestNG-test=Test-3] DriverFactoryManager - Selenium Grid is set to : false
[INFO ] 2020-05-12 20:06:47.007 [TestNG-test=Test-2] WaitHelper - Waiting for By.name: q for the specified:20 seconds
[INFO ] 2020-05-12 20:06:47.339 [TestNG-test=Test-1] WaitHelper - Waiting for By.name: q for the specified:20 seconds
[INFO ] 2020-05-12 20:06:47.597 [TestNG-test=Test-4] WaitHelper - Waiting for By.name: q for the specified:20 seconds
[INFO ] 2020-05-12 20:06:47.820 [TestNG-test=Test-3] WaitHelper - Waiting for By.name: q for the specified:20 seconds
[INFO ] 2020-05-12 20:06:47.839 [TestNG-test=Test-2] WaitHelper - Waiting for By.name: btnK for the specified:20 seconds
[INFO ] 2020-05-12 20:06:48.195 [TestNG-test=Test-1] WaitHelper - Waiting for By.name: btnK for the specified:20 seconds
[INFO ] 2020-05-12 20:06:48.209 [TestNG-test=Test-4] WaitHelper - Waiting for By.name: btnK for the specified:20 seconds
[INFO ] 2020-05-12 20:06:48.918 [TestNG-test=Test-3] WaitHelper - Waiting for By.name: btnK for the specified:20 seconds
[INFO ] 2020-05-12 20:38:21.600 [main] ChromeService - ChromeDriver Service is started...
[DEBUG] 2020-05-12 20:38:21.895 [TestNG-test=Test-2] DriverFactoryManager - Default browser type is Chrome. For other options reset the value in config.json
[DEBUG] 2020-05-12 20:38:21.896 [TestNG-test=Test-4] DriverFactoryManager - Default browser type is Chrome. For other options reset the value in config.json
[DEBUG] 2020-05-12 20:38:21.899 [TestNG-test=Test-3] DriverFactoryManager - Default browser type is Chrome. For other options reset the value in config.json
[DEBUG] 2020-05-12 20:38:21.899 [TestNG-test=Test-1] DriverFactoryManager - Default browser type is Chrome. For other options reset the value in config.json
[INFO ] 2020-05-12 20:38:21.903 [TestNG-test=Test-4] DriverFactoryManager - Local Operating System: WINDOWS 10
[INFO ] 2020-05-12 20:38:21.903 [TestNG-test=Test-3] DriverFactoryManager - Local Operating System: WINDOWS 10
[INFO ] 2020-05-12 20:38:21.903 [TestNG-test=Test-1] DriverFactoryManager - Local Operating System: WINDOWS 10
[INFO ] 2020-05-12 20:38:21.903 [TestNG-test=Test-1] DriverFactoryManager - Local Architecture: amd64
[INFO ] 2020-05-12 20:38:21.903 [TestNG-test=Test-3] DriverFactoryManager - Local Architecture: amd64
[INFO ] 2020-05-12 20:38:21.903 [TestNG-test=Test-4] DriverFactoryManager - Local Architecture: amd64
[INFO ] 2020-05-12 20:38:21.903 [TestNG-test=Test-1] DriverFactoryManager - Selected Browser: CHROME
[INFO ] 2020-05-12 20:38:21.903 [TestNG-test=Test-4] DriverFactoryManager - Selected Browser: CHROME
[INFO ] 2020-05-12 20:38:21.903 [TestNG-test=Test-1] DriverFactoryManager - Selenium Grid is set to : false
[INFO ] 2020-05-12 20:38:21.904 [TestNG-test=Test-4] DriverFactoryManager - Selenium Grid is set to : false
[INFO ] 2020-05-12 20:38:21.904 [TestNG-test=Test-3] DriverFactoryManager - Selected Browser: CHROME
[INFO ] 2020-05-12 20:38:21.904 [TestNG-test=Test-3] DriverFactoryManager - Selenium Grid is set to : false
[INFO ] 2020-05-12 20:38:21.905 [TestNG-test=Test-2] DriverFactoryManager - Local Operating System: WINDOWS 10
[INFO ] 2020-05-12 20:38:21.906 [TestNG-test=Test-2] DriverFactoryManager - Local Architecture: amd64
[INFO ] 2020-05-12 20:38:21.906 [TestNG-test=Test-2] DriverFactoryManager - Selected Browser: CHROME
[INFO ] 2020-05-12 20:38:21.907 [TestNG-test=Test-2] DriverFactoryManager - Selenium Grid is set to : false
[INFO ] 2020-05-12 20:38:31.560 [TestNG-test=Test-1] WaitHelper - Waiting for By.name: q for the specified:20 seconds
[INFO ] 2020-05-12 20:38:31.987 [TestNG-test=Test-1] WaitHelper - Waiting for By.name: btnK for the specified:20 seconds
[INFO ] 2020-05-12 20:38:33.000 [TestNG-test=Test-2] WaitHelper - Waiting for By.name: q for the specified:20 seconds
[INFO ] 2020-05-12 20:38:33.349 [TestNG-test=Test-3] WaitHelper - Waiting for By.name: q for the specified:20 seconds
[INFO ] 2020-05-12 20:38:33.365 [TestNG-test=Test-4] WaitHelper - Waiting for By.name: q for the specified:20 seconds
[INFO ] 2020-05-12 20:38:33.599 [TestNG-test=Test-2] WaitHelper - Waiting for By.name: btnK for the specified:20 seconds
[INFO ] 2020-05-12 20:38:33.701 [TestNG-test=Test-4] WaitHelper - Waiting for By.name: btnK for the specified:20 seconds
[INFO ] 2020-05-12 20:38:33.781 [TestNG-test=Test-3] WaitHelper - Waiting for By.name: btnK for the specified:20 seconds
[INFO ] 2020-05-12 20:41:08.376 [main] ChromeService - ChromeDriver Service is started...
[DEBUG] 2020-05-12 20:41:08.799 [TestNG-test=Test-2] DriverFactoryManager - Default browser type is Chrome. For other options reset the value in config.json
[DEBUG] 2020-05-12 20:41:08.801 [TestNG-test=Test-1] DriverFactoryManager - Default browser type is Chrome. For other options reset the value in config.json
[DEBUG] 2020-05-12 20:41:08.804 [TestNG-test=Test-4] DriverFactoryManager - Default browser type is Chrome. For other options reset the value in config.json
[DEBUG] 2020-05-12 20:41:08.805 [TestNG-test=Test-3] DriverFactoryManager - Default browser type is Chrome. For other options reset the value in config.json
[INFO ] 2020-05-12 20:41:43.679 [main] ChromeService - ChromeDriver Service is started...
[DEBUG] 2020-05-12 20:41:43.977 [TestNG-test=Test-3] DriverFactoryManager - Default browser type is Chrome. For other options reset the value in config.json
[DEBUG] 2020-05-12 20:41:43.978 [TestNG-test=Test-2] DriverFactoryManager - Default browser type is Chrome. For other options reset the value in config.json
[DEBUG] 2020-05-12 20:41:43.982 [TestNG-test=Test-1] DriverFactoryManager - Default browser type is Chrome. For other options reset the value in config.json
[INFO ] 2020-05-12 20:41:43.986 [TestNG-test=Test-2] DriverFactoryManager - Local Operating System: WINDOWS 10
[INFO ] 2020-05-12 20:41:43.986 [TestNG-test=Test-1] DriverFactoryManager - Local Operating System: WINDOWS 10
[INFO ] 2020-05-12 20:41:43.987 [TestNG-test=Test-2] DriverFactoryManager - Local Architecture: amd64
[INFO ] 2020-05-12 20:41:43.987 [TestNG-test=Test-2] DriverFactoryManager - Selected Browser: CHROME
[INFO ] 2020-05-12 20:41:43.988 [TestNG-test=Test-2] DriverFactoryManager - Selenium Grid is set to : false
[DEBUG] 2020-05-12 20:41:43.988 [TestNG-test=Test-4] DriverFactoryManager - Default browser type is Chrome. For other options reset the value in config.json
[INFO ] 2020-05-12 20:41:43.988 [TestNG-test=Test-4] DriverFactoryManager - Local Operating System: WINDOWS 10
[INFO ] 2020-05-12 20:41:43.989 [TestNG-test=Test-4] DriverFactoryManager - Local Architecture: amd64
[INFO ] 2020-05-12 20:41:43.989 [TestNG-test=Test-4] DriverFactoryManager - Selected Browser: CHROME
[INFO ] 2020-05-12 20:41:43.989 [TestNG-test=Test-4] DriverFactoryManager - Selenium Grid is set to : false
[INFO ] 2020-05-12 20:41:43.987 [TestNG-test=Test-1] DriverFactoryManager - Local Architecture: amd64
[INFO ] 2020-05-12 20:41:43.990 [TestNG-test=Test-1] DriverFactoryManager - Selected Browser: CHROME
[INFO ] 2020-05-12 20:41:43.990 [TestNG-test=Test-1] DriverFactoryManager - Selenium Grid is set to : false
[INFO ] 2020-05-12 20:41:43.990 [TestNG-test=Test-3] DriverFactoryManager - Local Operating System: WINDOWS 10
[INFO ] 2020-05-12 20:41:43.991 [TestNG-test=Test-3] DriverFactoryManager - Local Architecture: amd64
[INFO ] 2020-05-12 20:41:43.992 [TestNG-test=Test-3] DriverFactoryManager - Selected Browser: CHROME
[INFO ] 2020-05-12 20:41:43.993 [TestNG-test=Test-3] DriverFactoryManager - Selenium Grid is set to : false
[INFO ] 2020-05-12 20:41:53.528 [TestNG-test=Test-3] WaitHelper - Waiting for By.name: q for the specified:20 seconds
[INFO ] 2020-05-12 20:41:53.556 [TestNG-test=Test-1] WaitHelper - Waiting for By.name: q for the specified:20 seconds
[INFO ] 2020-05-12 20:41:54.230 [TestNG-test=Test-4] WaitHelper - Waiting for By.name: q for the specified:20 seconds
[INFO ] 2020-05-12 20:41:54.253 [TestNG-test=Test-1] WaitHelper - Waiting for By.name: btnK for the specified:20 seconds
[INFO ] 2020-05-12 20:41:54.271 [TestNG-test=Test-2] WaitHelper - Waiting for By.name: q for the specified:20 seconds
[INFO ] 2020-05-12 20:41:54.785 [TestNG-test=Test-3] WaitHelper - Waiting for By.name: btnK for the specified:20 seconds
[INFO ] 2020-05-12 20:41:55.233 [TestNG-test=Test-4] WaitHelper - Waiting for By.name: btnK for the specified:20 seconds
[INFO ] 2020-05-12 20:41:55.699 [TestNG-test=Test-2] WaitHelper - Waiting for By.name: btnK for the specified:20 seconds
[INFO ] 2020-05-12 20:43:37.241 [main] ChromeService - ChromeDriver Service is started...
[DEBUG] 2020-05-12 20:43:37.492 [TestNG-test=Test-2] DriverFactoryManager - Default browser type is Chrome. For other options reset the value in config.json
[DEBUG] 2020-05-12 20:43:37.494 [TestNG-test=Test-1] DriverFactoryManager - Default browser type is Chrome. For other options reset the value in config.json
[DEBUG] 2020-05-12 20:43:37.496 [TestNG-test=Test-3] DriverFactoryManager - Default browser type is Chrome. For other options reset the value in config.json
[DEBUG] 2020-05-12 20:43:37.500 [TestNG-test=Test-4] DriverFactoryManager - Default browser type is Chrome. For other options reset the value in config.json
[INFO ] 2020-05-12 20:43:37.501 [TestNG-test=Test-2] DriverFactoryManager - Local Operating System: WINDOWS 10
[INFO ] 2020-05-12 20:43:37.501 [TestNG-test=Test-3] DriverFactoryManager - Local Operating System: WINDOWS 10
[INFO ] 2020-05-12 20:43:37.501 [TestNG-test=Test-2] DriverFactoryManager - Local Architecture: amd64
[INFO ] 2020-05-12 20:43:37.501 [TestNG-test=Test-2] DriverFactoryManager - Selected Browser: CHROME
[INFO ] 2020-05-12 20:43:37.501 [TestNG-test=Test-3] DriverFactoryManager - Local Architecture: amd64
[INFO ] 2020-05-12 20:43:37.501 [TestNG-test=Test-2] DriverFactoryManager - Selenium Grid is set to : false
[INFO ] 2020-05-12 20:43:37.502 [TestNG-test=Test-3] DriverFactoryManager - Selected Browser: CHROME
[INFO ] 2020-05-12 20:43:37.502 [TestNG-test=Test-3] DriverFactoryManager - Selenium Grid is set to : false
[INFO ] 2020-05-12 20:43:37.504 [TestNG-test=Test-4] DriverFactoryManager - Local Operating System: WINDOWS 10
[INFO ] 2020-05-12 20:43:37.504 [TestNG-test=Test-4] DriverFactoryManager - Local Architecture: amd64
[INFO ] 2020-05-12 20:43:37.502 [TestNG-test=Test-1] DriverFactoryManager - Local Operating System: WINDOWS 10
[INFO ] 2020-05-12 20:43:37.505 [TestNG-test=Test-1] DriverFactoryManager - Local Architecture: amd64
[INFO ] 2020-05-12 20:43:37.505 [TestNG-test=Test-1] DriverFactoryManager - Selected Browser: CHROME
[INFO ] 2020-05-12 20:43:37.506 [TestNG-test=Test-1] DriverFactoryManager - Selenium Grid is set to : false
[INFO ] 2020-05-12 20:43:37.505 [TestNG-test=Test-4] DriverFactoryManager - Selected Browser: CHROME
[INFO ] 2020-05-12 20:43:37.506 [TestNG-test=Test-4] DriverFactoryManager - Selenium Grid is set to : false
[INFO ] 2020-05-12 20:43:47.097 [TestNG-test=Test-4] WaitHelper - Waiting for By.name: q for the specified:20 seconds
[INFO ] 2020-05-12 20:43:47.589 [TestNG-test=Test-4] WaitHelper - Waiting for By.name: btnK for the specified:20 seconds
[INFO ] 2020-05-12 20:43:48.012 [TestNG-test=Test-1] WaitHelper - Waiting for By.name: q for the specified:20 seconds
[INFO ] 2020-05-12 20:43:48.183 [TestNG-test=Test-3] WaitHelper - Waiting for By.name: q for the specified:20 seconds
[INFO ] 2020-05-12 20:43:48.427 [TestNG-test=Test-1] WaitHelper - Waiting for By.name: btnK for the specified:20 seconds
[INFO ] 2020-05-12 20:43:48.599 [TestNG-test=Test-3] WaitHelper - Waiting for By.name: btnK for the specified:20 seconds
[INFO ] 2020-05-12 20:43:49.120 [TestNG-test=Test-2] WaitHelper - Waiting for By.name: q for the specified:20 seconds
[INFO ] 2020-05-12 20:43:49.876 [TestNG-test=Test-2] WaitHelper - Waiting for By.name: btnK for the specified:20 seconds
[INFO ] 2020-05-12 20:45:21.963 [main] ChromeService - ChromeDriver Service is started...
[DEBUG] 2020-05-12 20:45:22.237 [TestNG-test=Test-1] DriverFactoryManager - Default browser type is Chrome. For other options reset the value in config.json
[DEBUG] 2020-05-12 20:45:22.238 [TestNG-test=Test-2] DriverFactoryManager - Default browser type is Chrome. For other options reset the value in config.json
[DEBUG] 2020-05-12 20:45:22.239 [TestNG-test=Test-4] DriverFactoryManager - Default browser type is Chrome. For other options reset the value in config.json
[DEBUG] 2020-05-12 20:45:22.241 [TestNG-test=Test-3] DriverFactoryManager - Default browser type is Chrome. For other options reset the value in config.json
[INFO ] 2020-05-12 20:45:22.245 [TestNG-test=Test-4] DriverFactoryManager - Local Operating System: WINDOWS 10
[INFO ] 2020-05-12 20:45:22.245 [TestNG-test=Test-2] DriverFactoryManager - Local Operating System: WINDOWS 10
[INFO ] 2020-05-12 20:45:22.245 [TestNG-test=Test-3] DriverFactoryManager - Local Operating System: WINDOWS 10
[INFO ] 2020-05-12 20:45:22.245 [TestNG-test=Test-1] DriverFactoryManager - Local Operating System: WINDOWS 10
[INFO ] 2020-05-12 20:45:22.245 [TestNG-test=Test-4] DriverFactoryManager - Local Architecture: amd64
[INFO ] 2020-05-12 20:45:22.246 [TestNG-test=Test-1] DriverFactoryManager - Local Architecture: amd64
[INFO ] 2020-05-12 20:45:22.245 [TestNG-test=Test-2] DriverFactoryManager - Local Architecture: amd64
[INFO ] 2020-05-12 20:45:22.246 [TestNG-test=Test-3] DriverFactoryManager - Local Architecture: amd64
[INFO ] 2020-05-12 20:45:22.246 [TestNG-test=Test-1] DriverFactoryManager - Selected Browser: CHROME
[INFO ] 2020-05-12 20:45:22.246 [TestNG-test=Test-4] DriverFactoryManager - Selected Browser: CHROME
[INFO ] 2020-05-12 20:45:22.246 [TestNG-test=Test-3] DriverFactoryManager - Selected Browser: CHROME
[INFO ] 2020-05-12 20:45:22.246 [TestNG-test=Test-4] DriverFactoryManager - Selenium Grid is set to : false
[INFO ] 2020-05-12 20:45:22.246 [TestNG-test=Test-2] DriverFactoryManager - Selected Browser: CHROME
[INFO ] 2020-05-12 20:45:22.246 [TestNG-test=Test-2] DriverFactoryManager - Selenium Grid is set to : false
[INFO ] 2020-05-12 20:45:22.247 [TestNG-test=Test-1] DriverFactoryManager - Selenium Grid is set to : false
[INFO ] 2020-05-12 20:45:22.247 [TestNG-test=Test-3] DriverFactoryManager - Selenium Grid is set to : false
[INFO ] 2020-05-12 20:45:32.670 [TestNG-test=Test-3] WaitHelper - Waiting for By.name: q for the specified:20 seconds
[INFO ] 2020-05-12 20:45:32.722 [TestNG-test=Test-2] WaitHelper - Waiting for By.name: q for the specified:20 seconds
[INFO ] 2020-05-12 20:45:32.764 [TestNG-test=Test-4] WaitHelper - Waiting for By.name: q for the specified:20 seconds
[INFO ] 2020-05-12 20:45:32.851 [TestNG-test=Test-1] WaitHelper - Waiting for By.name: q for the specified:20 seconds
[INFO ] 2020-05-12 20:45:33.222 [TestNG-test=Test-3] WaitHelper - Waiting for By.name: btnK for the specified:20 seconds
[INFO ] 2020-05-12 20:45:33.234 [TestNG-test=Test-4] WaitHelper - Waiting for By.name: btnK for the specified:20 seconds
[INFO ] 2020-05-12 20:45:33.317 [TestNG-test=Test-1] WaitHelper - Waiting for By.name: btnK for the specified:20 seconds
[INFO ] 2020-05-12 20:45:34.023 [TestNG-test=Test-2] WaitHelper - Waiting for By.name: btnK for the specified:20 seconds
