[INFO ] 2020-05-13 11:09:07.895 [main] ChromeService - ChromeDriver Service is started...
[DEBUG] 2020-05-13 11:09:08.233 [TestNG-test=Test-2] DriverFactoryManager - Default browser type is Chrome. For other options reset the value in config.json
[DEBUG] 2020-05-13 11:09:08.233 [TestNG-test=Test-3] DriverFactoryManager - Default browser type is Chrome. For other options reset the value in config.json
[DEBUG] 2020-05-13 11:09:08.233 [TestNG-test=Test-4] DriverFactoryManager - Default browser type is Chrome. For other options reset the value in config.json
[DEBUG] 2020-05-13 11:09:08.233 [TestNG-test=Test-1] DriverFactoryManager - Default browser type is Chrome. For other options reset the value in config.json
[INFO ] 2020-05-13 11:09:08.248 [TestNG-test=Test-3] DriverFactoryManager - Local Operating System: WINDOWS 10
[INFO ] 2020-05-13 11:09:08.248 [TestNG-test=Test-2] DriverFactoryManager - Local Operating System: WINDOWS 10
[INFO ] 2020-05-13 11:09:08.248 [TestNG-test=Test-1] DriverFactoryManager - Local Operating System: WINDOWS 10
[INFO ] 2020-05-13 11:09:08.248 [TestNG-test=Test-4] DriverFactoryManager - Local Operating System: WINDOWS 10
[INFO ] 2020-05-13 11:09:08.248 [TestNG-test=Test-3] DriverFactoryManager - Local Architecture: amd64
[INFO ] 2020-05-13 11:09:08.248 [TestNG-test=Test-1] DriverFactoryManager - Local Architecture: amd64
[INFO ] 2020-05-13 11:09:08.248 [TestNG-test=Test-3] DriverFactoryManager - Selected Browser: CHROME
[INFO ] 2020-05-13 11:09:08.248 [TestNG-test=Test-2] DriverFactoryManager - Local Architecture: amd64
[INFO ] 2020-05-13 11:09:08.248 [TestNG-test=Test-4] DriverFactoryManager - Local Architecture: amd64
[INFO ] 2020-05-13 11:09:08.248 [TestNG-test=Test-2] DriverFactoryManager - Selected Browser: CHROME
[INFO ] 2020-05-13 11:09:08.248 [TestNG-test=Test-4] DriverFactoryManager - Selected Browser: CHROME
[INFO ] 2020-05-13 11:09:08.248 [TestNG-test=Test-2] DriverFactoryManager - Selenium Grid is set to : false
[INFO ] 2020-05-13 11:09:08.248 [TestNG-test=Test-4] DriverFactoryManager - Selenium Grid is set to : false
[INFO ] 2020-05-13 11:09:08.248 [TestNG-test=Test-1] DriverFactoryManager - Selected Browser: CHROME
[INFO ] 2020-05-13 11:09:08.248 [TestNG-test=Test-3] DriverFactoryManager - Selenium Grid is set to : false
[INFO ] 2020-05-13 11:09:08.248 [TestNG-test=Test-1] DriverFactoryManager - Selenium Grid is set to : false
[INFO ] 2020-05-13 11:09:22.282 [TestNG-test=Test-2] WaitHelper - Waiting for By.name: q for the specified:20 seconds
[INFO ] 2020-05-13 11:09:22.373 [TestNG-test=Test-4] WaitHelper - Waiting for By.name: q for the specified:20 seconds
[INFO ] 2020-05-13 11:09:22.437 [TestNG-test=Test-1] WaitHelper - Waiting for By.name: q for the specified:20 seconds
[INFO ] 2020-05-13 11:09:22.800 [TestNG-test=Test-3] WaitHelper - Waiting for By.name: q for the specified:20 seconds
[INFO ] 2020-05-13 11:09:23.474 [TestNG-test=Test-4] WaitHelper - Waiting for By.name: btnK for the specified:20 seconds
[INFO ] 2020-05-13 11:09:23.536 [TestNG-test=Test-2] WaitHelper - Waiting for By.name: btnK for the specified:20 seconds
[INFO ] 2020-05-13 11:09:23.648 [TestNG-test=Test-1] WaitHelper - Waiting for By.name: btnK for the specified:20 seconds
[INFO ] 2020-05-13 11:09:24.224 [TestNG-test=Test-3] WaitHelper - Waiting for By.name: btnK for the specified:20 seconds
[INFO ] 2020-05-13 11:20:23.652 [main] ChromeService - ChromeDriver Service is started...
[DEBUG] 2020-05-13 11:20:23.961 [TestNG-test=Test-4] DriverFactoryManager - Default browser type is Chrome. For other options reset the value in config.json
[DEBUG] 2020-05-13 11:20:23.961 [TestNG-test=Test-2] DriverFactoryManager - Default browser type is Chrome. For other options reset the value in config.json
[DEBUG] 2020-05-13 11:20:23.961 [TestNG-test=Test-1] DriverFactoryManager - Default browser type is Chrome. For other options reset the value in config.json
[INFO ] 2020-05-13 11:20:23.977 [TestNG-test=Test-4] DriverFactoryManager - Local Operating System: WINDOWS 10
[INFO ] 2020-05-13 11:20:23.977 [TestNG-test=Test-4] DriverFactoryManager - Local Architecture: amd64
[INFO ] 2020-05-13 11:20:23.977 [TestNG-test=Test-2] DriverFactoryManager - Local Operating System: WINDOWS 10
[DEBUG] 2020-05-13 11:20:23.977 [TestNG-test=Test-3] DriverFactoryManager - Default browser type is Chrome. For other options reset the value in config.json
[INFO ] 2020-05-13 11:20:23.977 [TestNG-test=Test-1] DriverFactoryManager - Local Operating System: WINDOWS 10
[INFO ] 2020-05-13 11:20:23.977 [TestNG-test=Test-2] DriverFactoryManager - Local Architecture: amd64
[INFO ] 2020-05-13 11:20:23.977 [TestNG-test=Test-1] DriverFactoryManager - Local Architecture: amd64
[INFO ] 2020-05-13 11:20:23.977 [TestNG-test=Test-3] DriverFactoryManager - Local Operating System: WINDOWS 10
[INFO ] 2020-05-13 11:20:23.977 [TestNG-test=Test-3] DriverFactoryManager - Local Architecture: amd64
[INFO ] 2020-05-13 11:20:23.977 [TestNG-test=Test-3] DriverFactoryManager - Selected Browser: CHROME
[INFO ] 2020-05-13 11:20:23.977 [TestNG-test=Test-1] DriverFactoryManager - Selected Browser: CHROME
[INFO ] 2020-05-13 11:20:23.977 [TestNG-test=Test-3] DriverFactoryManager - Selenium Grid is set to : false
[INFO ] 2020-05-13 11:20:23.977 [TestNG-test=Test-1] DriverFactoryManager - Selenium Grid is set to : false
[INFO ] 2020-05-13 11:20:23.977 [TestNG-test=Test-2] DriverFactoryManager - Selected Browser: CHROME
[INFO ] 2020-05-13 11:20:23.977 [TestNG-test=Test-4] DriverFactoryManager - Selected Browser: CHROME
[INFO ] 2020-05-13 11:20:23.977 [TestNG-test=Test-2] DriverFactoryManager - Selenium Grid is set to : false
[INFO ] 2020-05-13 11:20:23.977 [TestNG-test=Test-4] DriverFactoryManager - Selenium Grid is set to : false
[INFO ] 2020-05-13 11:20:32.588 [TestNG-test=Test-2] WaitHelper - Waiting for By.name: q for the specified:20 seconds
[INFO ] 2020-05-13 11:20:33.631 [TestNG-test=Test-3] WaitHelper - Waiting for By.name: q for the specified:20 seconds
[INFO ] 2020-05-13 11:20:33.667 [TestNG-test=Test-4] WaitHelper - Waiting for By.name: q for the specified:20 seconds
[INFO ] 2020-05-13 11:20:33.699 [TestNG-test=Test-1] WaitHelper - Waiting for By.name: q for the specified:20 seconds
[INFO ] 2020-05-13 11:20:33.807 [TestNG-test=Test-2] WaitHelper - Waiting for By.name: btnK for the specified:20 seconds
[INFO ] 2020-05-13 11:20:34.682 [TestNG-test=Test-4] WaitHelper - Waiting for By.name: btnK for the specified:20 seconds
[INFO ] 2020-05-13 11:20:34.920 [TestNG-test=Test-3] WaitHelper - Waiting for By.name: btnK for the specified:20 seconds
[INFO ] 2020-05-13 11:20:34.924 [TestNG-test=Test-1] WaitHelper - Waiting for By.name: btnK for the specified:20 seconds
[INFO ] 2020-05-13 11:23:42.323 [main] ChromeService - ChromeDriver Service is started...
[DEBUG] 2020-05-13 11:23:42.585 [TestNG-test=Test-1] DriverFactoryManager - Default browser type is Chrome. For other options reset the value in config.json
[DEBUG] 2020-05-13 11:23:42.585 [TestNG-test=Test-4] DriverFactoryManager - Default browser type is Chrome. For other options reset the value in config.json
[DEBUG] 2020-05-13 11:23:42.585 [TestNG-test=Test-2] DriverFactoryManager - Default browser type is Chrome. For other options reset the value in config.json
[DEBUG] 2020-05-13 11:23:42.601 [TestNG-test=Test-3] DriverFactoryManager - Default browser type is Chrome. For other options reset the value in config.json
[INFO ] 2020-05-13 11:23:42.601 [TestNG-test=Test-3] DriverFactoryManager - Local Operating System: WINDOWS 10
[INFO ] 2020-05-13 11:23:42.601 [TestNG-test=Test-1] DriverFactoryManager - Local Operating System: WINDOWS 10
[INFO ] 2020-05-13 11:23:42.601 [TestNG-test=Test-4] DriverFactoryManager - Local Operating System: WINDOWS 10
[INFO ] 2020-05-13 11:23:42.601 [TestNG-test=Test-1] DriverFactoryManager - Local Architecture: amd64
[INFO ] 2020-05-13 11:23:42.601 [TestNG-test=Test-3] DriverFactoryManager - Local Architecture: amd64
[INFO ] 2020-05-13 11:23:42.601 [TestNG-test=Test-1] DriverFactoryManager - Selected Browser: CHROME
[INFO ] 2020-05-13 11:23:42.601 [TestNG-test=Test-4] DriverFactoryManager - Local Architecture: amd64
[INFO ] 2020-05-13 11:23:42.601 [TestNG-test=Test-3] DriverFactoryManager - Selected Browser: CHROME
[INFO ] 2020-05-13 11:23:42.601 [TestNG-test=Test-2] DriverFactoryManager - Local Operating System: WINDOWS 10
[INFO ] 2020-05-13 11:23:42.601 [TestNG-test=Test-3] DriverFactoryManager - Selenium Grid is set to : false
[INFO ] 2020-05-13 11:23:42.601 [TestNG-test=Test-2] DriverFactoryManager - Local Architecture: amd64
[INFO ] 2020-05-13 11:23:42.601 [TestNG-test=Test-1] DriverFactoryManager - Selenium Grid is set to : false
[INFO ] 2020-05-13 11:23:42.601 [TestNG-test=Test-4] DriverFactoryManager - Selected Browser: CHROME
[INFO ] 2020-05-13 11:23:42.601 [TestNG-test=Test-4] DriverFactoryManager - Selenium Grid is set to : false
[INFO ] 2020-05-13 11:23:42.601 [TestNG-test=Test-2] DriverFactoryManager - Selected Browser: CHROME
[INFO ] 2020-05-13 11:23:42.601 [TestNG-test=Test-2] DriverFactoryManager - Selenium Grid is set to : false
[INFO ] 2020-05-13 11:23:51.362 [TestNG-test=Test-4] WaitHelper - Waiting for By.name: q for the specified:20 seconds
[INFO ] 2020-05-13 11:23:51.614 [TestNG-test=Test-2] WaitHelper - Waiting for By.name: q for the specified:20 seconds
[INFO ] 2020-05-13 11:23:51.974 [TestNG-test=Test-4] WaitHelper - Waiting for By.name: btnK for the specified:20 seconds
[INFO ] 2020-05-13 11:23:52.146 [TestNG-test=Test-3] WaitHelper - Waiting for By.name: q for the specified:20 seconds
[INFO ] 2020-05-13 11:23:52.878 [TestNG-test=Test-2] WaitHelper - Waiting for By.name: btnK for the specified:20 seconds
[INFO ] 2020-05-13 11:23:53.089 [TestNG-test=Test-1] WaitHelper - Waiting for By.name: q for the specified:20 seconds
[INFO ] 2020-05-13 11:23:53.528 [TestNG-test=Test-3] WaitHelper - Waiting for By.name: btnK for the specified:20 seconds
[INFO ] 2020-05-13 11:23:54.172 [TestNG-test=Test-1] WaitHelper - Waiting for By.name: btnK for the specified:20 seconds
[INFO ] 2020-05-13 11:32:12.855 [main] ChromeService - ChromeDriver Service is started...
[DEBUG] 2020-05-13 11:32:13.136 [TestNG-test=Test-1] DriverFactoryManager - Default browser type is Chrome. For other options reset the value in config.json
[DEBUG] 2020-05-13 11:32:13.140 [TestNG-test=Test-3] DriverFactoryManager - Default browser type is Chrome. For other options reset the value in config.json
[DEBUG] 2020-05-13 11:32:13.144 [TestNG-test=Test-4] DriverFactoryManager - Default browser type is Chrome. For other options reset the value in config.json
[INFO ] 2020-05-13 11:32:13.148 [TestNG-test=Test-1] DriverFactoryManager - Local Operating System: WINDOWS 10
[INFO ] 2020-05-13 11:32:13.148 [TestNG-test=Test-3] DriverFactoryManager - Local Operating System: WINDOWS 10
[INFO ] 2020-05-13 11:32:13.148 [TestNG-test=Test-3] DriverFactoryManager - Local Architecture: amd64
[INFO ] 2020-05-13 11:32:13.148 [TestNG-test=Test-4] DriverFactoryManager - Local Operating System: WINDOWS 10
[INFO ] 2020-05-13 11:32:13.148 [TestNG-test=Test-3] DriverFactoryManager - Selected Browser: CHROME
[INFO ] 2020-05-13 11:32:13.148 [TestNG-test=Test-4] DriverFactoryManager - Local Architecture: amd64
[INFO ] 2020-05-13 11:32:13.148 [TestNG-test=Test-3] DriverFactoryManager - Selenium Grid is set to : false
[INFO ] 2020-05-13 11:32:13.148 [TestNG-test=Test-4] DriverFactoryManager - Selected Browser: CHROME
[INFO ] 2020-05-13 11:32:13.148 [TestNG-test=Test-4] DriverFactoryManager - Selenium Grid is set to : false
[DEBUG] 2020-05-13 11:32:13.148 [TestNG-test=Test-2] DriverFactoryManager - Default browser type is Chrome. For other options reset the value in config.json
[INFO ] 2020-05-13 11:32:13.148 [TestNG-test=Test-2] DriverFactoryManager - Local Operating System: WINDOWS 10
[INFO ] 2020-05-13 11:32:13.148 [TestNG-test=Test-2] DriverFactoryManager - Local Architecture: amd64
[INFO ] 2020-05-13 11:32:13.152 [TestNG-test=Test-2] DriverFactoryManager - Selected Browser: CHROME
[INFO ] 2020-05-13 11:32:13.152 [TestNG-test=Test-2] DriverFactoryManager - Selenium Grid is set to : false
[INFO ] 2020-05-13 11:32:13.152 [TestNG-test=Test-1] DriverFactoryManager - Local Architecture: amd64
[INFO ] 2020-05-13 11:32:13.152 [TestNG-test=Test-1] DriverFactoryManager - Selected Browser: CHROME
[INFO ] 2020-05-13 11:32:13.152 [TestNG-test=Test-1] DriverFactoryManager - Selenium Grid is set to : false
[INFO ] 2020-05-13 11:32:21.892 [TestNG-test=Test-1] WaitHelper - Waiting for By.name: q for the specified:20 seconds
[INFO ] 2020-05-13 11:32:22.504 [TestNG-test=Test-4] WaitHelper - Waiting for By.name: q for the specified:20 seconds
[INFO ] 2020-05-13 11:32:22.688 [TestNG-test=Test-3] WaitHelper - Waiting for By.name: q for the specified:20 seconds
[INFO ] 2020-05-13 11:32:22.951 [TestNG-test=Test-2] WaitHelper - Waiting for By.name: q for the specified:20 seconds
[INFO ] 2020-05-13 11:32:23.036 [TestNG-test=Test-1] WaitHelper - Waiting for By.name: btnK for the specified:20 seconds
[INFO ] 2020-05-13 11:32:23.144 [TestNG-test=Test-4] WaitHelper - Waiting for By.name: btnK for the specified:20 seconds
[INFO ] 2020-05-13 11:32:23.967 [TestNG-test=Test-3] WaitHelper - Waiting for By.name: btnK for the specified:20 seconds
[INFO ] 2020-05-13 11:32:23.980 [TestNG-test=Test-2] WaitHelper - Waiting for By.name: btnK for the specified:20 seconds
