[INFO ] 2020-05-09 12:28:23.466 [main] ChromeService - ChromeDriver Service is started...
[INFO ] 2020-05-09 12:42:02.384 [main] ChromeService - ChromeDriver Service is started...
[INFO ] 2020-05-09 12:45:44.124 [main] ChromeService - ChromeDriver Service is started...
[INFO ] 2020-05-09 12:49:13.636 [main] ChromeService - ChromeDriver Service is started...
[INFO ] 2020-05-09 12:54:59.584 [main] ChromeService - ChromeDriver Service is started...
[INFO ] 2020-05-09 12:55:47.974 [main] ChromeService - ChromeDriver Service is started...
[INFO ] 2020-05-09 13:07:41.367 [main] ChromeService - ChromeDriver Service is started...
[INFO ] 2020-05-09 13:08:33.540 [main] ChromeService - ChromeDriver Service is started...
[INFO ] 2020-05-09 13:09:36.902 [main] ChromeService - ChromeDriver Service is started...
[INFO ] 2020-05-09 13:16:34.160 [main] ChromeService - ChromeDriver Service is started...
[INFO ] 2020-05-09 18:49:38.771 [main] ChromeService - ChromeDriver Service is started...
[DEBUG] 2020-05-09 18:49:38.898 [main] DriverFactoryManager - Default browser type is Chrome. For other options reset the value in config.json
[INFO ] 2020-05-09 18:49:38.918 [main] DriverFactoryManager - Local Operating System: WINDOWS 10
[INFO ] 2020-05-09 18:49:38.918 [main] DriverFactoryManager - Local Architecture: amd64
[INFO ] 2020-05-09 18:49:38.918 [main] DriverFactoryManager - Selected Browser: CHROME
[INFO ] 2020-05-09 18:49:38.920 [main] DriverFactoryManager - Selenium Grid is set to : false
[INFO ] 2020-05-09 19:02:32.793 [main] ChromeService - ChromeDriver Service is started...
[DEBUG] 2020-05-09 19:04:07.269 [main] DriverFactoryManager - Default browser type is Chrome. For other options reset the value in config.json
[INFO ] 2020-05-09 19:04:07.291 [main] DriverFactoryManager - Local Operating System: WINDOWS 10
[INFO ] 2020-05-09 19:04:07.291 [main] DriverFactoryManager - Local Architecture: amd64
[INFO ] 2020-05-09 19:04:07.291 [main] DriverFactoryManager - Selected Browser: CHROME
[INFO ] 2020-05-09 19:04:07.291 [main] DriverFactoryManager - Selenium Grid is set to : false
[INFO ] 2020-05-09 19:09:32.018 [main] ChromeService - ChromeDriver Service is started...
[DEBUG] 2020-05-09 19:09:34.606 [main] DriverFactoryManager - Default browser type is Chrome. For other options reset the value in config.json
[INFO ] 2020-05-09 19:09:34.623 [main] DriverFactoryManager - Local Operating System: WINDOWS 10
[INFO ] 2020-05-09 19:09:34.624 [main] DriverFactoryManager - Local Architecture: amd64
[INFO ] 2020-05-09 19:09:34.624 [main] DriverFactoryManager - Selected Browser: CHROME
[INFO ] 2020-05-09 19:09:34.625 [main] DriverFactoryManager - Selenium Grid is set to : false
[INFO ] 2020-05-09 19:11:37.032 [main] ChromeService - ChromeDriver Service is started...
[DEBUG] 2020-05-09 19:11:39.768 [main] DriverFactoryManager - Default browser type is Chrome. For other options reset the value in config.json
[INFO ] 2020-05-09 19:11:39.780 [main] DriverFactoryManager - Local Operating System: WINDOWS 10
[INFO ] 2020-05-09 19:11:39.796 [main] DriverFactoryManager - Local Architecture: amd64
[INFO ] 2020-05-09 19:11:39.796 [main] DriverFactoryManager - Selected Browser: CHROME
[INFO ] 2020-05-09 19:11:39.796 [main] DriverFactoryManager - Selenium Grid is set to : false
